SF:/var/www/hermes/src/acp/connection/manager.rs
FN:230,_RNvMs4_NtNtNtCs35aDzIjzncu_6hermes3acp10connection7managerNtB5_17ConnectionManager10disconnect
FN:137,_RNvMs4_NtNtNtCs35aDzIjzncu_6hermes3acp10connection7managerNtB5_17ConnectionManager14add_connection
FN:142,_RNvMs4_NtNtNtCs35aDzIjzncu_6hermes3acp10connection7managerNtB5_17ConnectionManager14get_connection
FN:152,_RNvMs4_NtNtNtCs35aDzIjzncu_6hermes3acp10connection7managerNtB5_17ConnectionManager15get_permissions
FN:249,_RNvMs4_NtNtNtCs35aDzIjzncu_6hermes3acp10connection7managerNtB5_17ConnectionManager20disconnect_assistant
FN:147,_RNvMs4_NtNtNtCs35aDzIjzncu_6hermes3acp10connection7managerNtB5_17ConnectionManager22get_current_connection
FN:113,_RNvMs4_NtNtNtCs35aDzIjzncu_6hermes3acp10connection7managerNtB5_17ConnectionManager3new
FN:160,_RNvMs4_NtNtNtCs35aDzIjzncu_6hermes3acp10connection7managerNtB5_17ConnectionManager7connect
FN:223,_RNvMs4_NtNtNtCs35aDzIjzncu_6hermes3acp10connection7managerNtB5_17ConnectionManager9close_all
FN:129,_RNvMs4_NtNtNtCs35aDzIjzncu_6hermes3acp10connection7managerNtB5_17ConnectionManager9get_agent
FN:122,_RNvMs4_NtNtNtCs35aDzIjzncu_6hermes3acp10connection7managerNtB5_17ConnectionManager9set_agent
FN:28,_RNvXNtNtNtCs35aDzIjzncu_6hermes3acp10connection7managerNtB2_8ProtocolNtNtCs4kUJL3MZFFz_4core3fmt7Display3fmt
FN:49,_RNvXs0_NtNtNtCs35aDzIjzncu_6hermes3acp10connection7managerNtB5_8ProtocolINtNtCs4kUJL3MZFFz_4core7convert4FromNtNtCsauO83Ko6oyK_5alloc6string6StringE4from
FN:68,_RNvXs1_NtNtNtCs35aDzIjzncu_6hermes3acp10connection7managerNtB5_9AssistantNtNtCs4kUJL3MZFFz_4core3fmt7Display3fmt
FN:79,_RNvXs2_NtNtNtCs35aDzIjzncu_6hermes3acp10connection7managerNtB5_9AssistantINtNtCs4kUJL3MZFFz_4core7convert4FromReE4from
FN:93,_RNvXs3_NtNtNtCs35aDzIjzncu_6hermes3acp10connection7managerNtB5_9AssistantINtNtCs4kUJL3MZFFz_4core7convert4FromNtNtCsauO83Ko6oyK_5alloc6string6StringE4from
FN:38,_RNvXs_NtNtNtCs35aDzIjzncu_6hermes3acp10connection7managerNtB4_8ProtocolINtNtCs4kUJL3MZFFz_4core7convert4FromReE4from
FN:202,_RNCNCNvMs4_NtNtNtCs35aDzIjzncu_6hermes3acp10connection7managerNtB9_17ConnectionManager7connects_00Bf_
FN:234,_RNCNvMs4_NtNtNtCs35aDzIjzncu_6hermes3acp10connection7managerNtB7_17ConnectionManager10disconnect0Bd_
FN:235,_RNCNvMs4_NtNtNtCs35aDzIjzncu_6hermes3acp10connection7managerNtB7_17ConnectionManager10disconnects_0Bd_
FN:250,_RNCNvMs4_NtNtNtCs35aDzIjzncu_6hermes3acp10connection7managerNtB7_17ConnectionManager20disconnect_assistant0Bd_
FN:258,_RNCNvMs4_NtNtNtCs35aDzIjzncu_6hermes3acp10connection7managerNtB7_17ConnectionManager20disconnect_assistants0_0Bd_
FN:265,_RNCNvMs4_NtNtNtCs35aDzIjzncu_6hermes3acp10connection7managerNtB7_17ConnectionManager20disconnect_assistants1_0Bd_
FN:271,_RNCNvMs4_NtNtNtCs35aDzIjzncu_6hermes3acp10connection7managerNtB7_17ConnectionManager20disconnect_assistants2_0Bd_
FN:256,_RNCNvMs4_NtNtNtCs35aDzIjzncu_6hermes3acp10connection7managerNtB7_17ConnectionManager20disconnect_assistants_0Bd_
FN:193,_RNCNvMs4_NtNtNtCs35aDzIjzncu_6hermes3acp10connection7managerNtB7_17ConnectionManager7connect0Bd_
FN:198,_RNCNvMs4_NtNtNtCs35aDzIjzncu_6hermes3acp10connection7managerNtB7_17ConnectionManager7connects_0Bd_
FN:306,_RNCNvNtNtNtNtCs35aDzIjzncu_6hermes3acp10connection7manager5testss_21test_protocol_display0Bb_
FN:350,_RNCNvNtNtNtNtCs35aDzIjzncu_6hermes3acp10connection7manager5testss_22test_assistant_display0Bb_
FN:323,_RNCNvNtNtNtNtCs35aDzIjzncu_6hermes3acp10connection7manager5testss_22test_protocol_from_str0Bb_
FN:303,_RNvNtNtNtNtCs35aDzIjzncu_6hermes3acp10connection7manager5testss_21test_protocol_display
FN:339,_RNvNtNtNtNtCs35aDzIjzncu_6hermes3acp10connection7manager5testss_22test_assistant_display
FN:318,_RNvNtNtNtNtCs35aDzIjzncu_6hermes3acp10connection7manager5testss_22test_protocol_from_str
FN:362,_RNvNtNtNtNtCs35aDzIjzncu_6hermes3acp10connection7manager5testss_41test_assistant_from_str_copilot_lowercase
FN:372,_RNvNtNtNtNtCs35aDzIjzncu_6hermes3acp10connection7manager5testss_41test_assistant_from_str_copilot_uppercase
FN:367,_RNvNtNtNtNtCs35aDzIjzncu_6hermes3acp10connection7manager5testss_42test_assistant_from_str_opencode_lowercase
FN:377,_RNvNtNtNtNtCs35aDzIjzncu_6hermes3acp10connection7manager5testss_46test_assistant_from_str_unknown_creates_custom
FNDA:0,_RNvMs4_NtNtNtCs35aDzIjzncu_6hermes3acp10connection7managerNtB5_17ConnectionManager10disconnect
FNDA:0,_RNvMs4_NtNtNtCs35aDzIjzncu_6hermes3acp10connection7managerNtB5_17ConnectionManager14add_connection
FNDA:0,_RNvMs4_NtNtNtCs35aDzIjzncu_6hermes3acp10connection7managerNtB5_17ConnectionManager14get_connection
FNDA:0,_RNvMs4_NtNtNtCs35aDzIjzncu_6hermes3acp10connection7managerNtB5_17ConnectionManager15get_permissions
FNDA:0,_RNvMs4_NtNtNtCs35aDzIjzncu_6hermes3acp10connection7managerNtB5_17ConnectionManager20disconnect_assistant
FNDA:0,_RNvMs4_NtNtNtCs35aDzIjzncu_6hermes3acp10connection7managerNtB5_17ConnectionManager22get_current_connection
FNDA:0,_RNvMs4_NtNtNtCs35aDzIjzncu_6hermes3acp10connection7managerNtB5_17ConnectionManager3new
FNDA:0,_RNvMs4_NtNtNtCs35aDzIjzncu_6hermes3acp10connection7managerNtB5_17ConnectionManager7connect
FNDA:0,_RNvMs4_NtNtNtCs35aDzIjzncu_6hermes3acp10connection7managerNtB5_17ConnectionManager9close_all
FNDA:0,_RNvMs4_NtNtNtCs35aDzIjzncu_6hermes3acp10connection7managerNtB5_17ConnectionManager9get_agent
FNDA:0,_RNvMs4_NtNtNtCs35aDzIjzncu_6hermes3acp10connection7managerNtB5_17ConnectionManager9set_agent
FNDA:3,_RNvXNtNtNtCs35aDzIjzncu_6hermes3acp10connection7managerNtB2_8ProtocolNtNtCs4kUJL3MZFFz_4core3fmt7Display3fmt
FNDA:0,_RNvXs0_NtNtNtCs35aDzIjzncu_6hermes3acp10connection7managerNtB5_8ProtocolINtNtCs4kUJL3MZFFz_4core7convert4FromNtNtCsauO83Ko6oyK_5alloc6string6StringE4from
FNDA:3,_RNvXs1_NtNtNtCs35aDzIjzncu_6hermes3acp10connection7managerNtB5_9AssistantNtNtCs4kUJL3MZFFz_4core3fmt7Display3fmt
FNDA:1532,_RNvXs2_NtNtNtCs35aDzIjzncu_6hermes3acp10connection7managerNtB5_9AssistantINtNtCs4kUJL3MZFFz_4core7convert4FromReE4from
FNDA:0,_RNvXs3_NtNtNtCs35aDzIjzncu_6hermes3acp10connection7managerNtB5_9AssistantINtNtCs4kUJL3MZFFz_4core7convert4FromNtNtCsauO83Ko6oyK_5alloc6string6StringE4from
FNDA:263,_RNvXs_NtNtNtCs35aDzIjzncu_6hermes3acp10connection7managerNtB4_8ProtocolINtNtCs4kUJL3MZFFz_4core7convert4FromReE4from
FNDA:0,_RNCNCNvMs4_NtNtNtCs35aDzIjzncu_6hermes3acp10connection7managerNtB9_17ConnectionManager7connects_00Bf_
FNDA:0,_RNCNvMs4_NtNtNtCs35aDzIjzncu_6hermes3acp10connection7managerNtB7_17ConnectionManager10disconnect0Bd_
FNDA:0,_RNCNvMs4_NtNtNtCs35aDzIjzncu_6hermes3acp10connection7managerNtB7_17ConnectionManager10disconnects_0Bd_
FNDA:0,_RNCNvMs4_NtNtNtCs35aDzIjzncu_6hermes3acp10connection7managerNtB7_17ConnectionManager20disconnect_assistant0Bd_
FNDA:0,_RNCNvMs4_NtNtNtCs35aDzIjzncu_6hermes3acp10connection7managerNtB7_17ConnectionManager20disconnect_assistants0_0Bd_
FNDA:0,_RNCNvMs4_NtNtNtCs35aDzIjzncu_6hermes3acp10connection7managerNtB7_17ConnectionManager20disconnect_assistants1_0Bd_
FNDA:0,_RNCNvMs4_NtNtNtCs35aDzIjzncu_6hermes3acp10connection7managerNtB7_17ConnectionManager20disconnect_assistants2_0Bd_
FNDA:0,_RNCNvMs4_NtNtNtCs35aDzIjzncu_6hermes3acp10connection7managerNtB7_17ConnectionManager20disconnect_assistants_0Bd_
FNDA:0,_RNCNvMs4_NtNtNtCs35aDzIjzncu_6hermes3acp10connection7managerNtB7_17ConnectionManager7connect0Bd_
FNDA:0,_RNCNvMs4_NtNtNtCs35aDzIjzncu_6hermes3acp10connection7managerNtB7_17ConnectionManager7connects_0Bd_
FNDA:3,_RNCNvNtNtNtNtCs35aDzIjzncu_6hermes3acp10connection7manager5testss_21test_protocol_display0Bb_
FNDA:3,_RNCNvNtNtNtNtCs35aDzIjzncu_6hermes3acp10connection7manager5testss_22test_assistant_display0Bb_
FNDA:7,_RNCNvNtNtNtNtCs35aDzIjzncu_6hermes3acp10connection7manager5testss_22test_protocol_from_str0Bb_
FNDA:1,_RNvNtNtNtNtCs35aDzIjzncu_6hermes3acp10connection7manager5testss_21test_protocol_display
FNDA:1,_RNvNtNtNtNtCs35aDzIjzncu_6hermes3acp10connection7manager5testss_22test_assistant_display
FNDA:1,_RNvNtNtNtNtCs35aDzIjzncu_6hermes3acp10connection7manager5testss_22test_protocol_from_str
FNDA:1,_RNvNtNtNtNtCs35aDzIjzncu_6hermes3acp10connection7manager5testss_41test_assistant_from_str_copilot_lowercase
FNDA:1,_RNvNtNtNtNtCs35aDzIjzncu_6hermes3acp10connection7manager5testss_41test_assistant_from_str_copilot_uppercase
FNDA:1,_RNvNtNtNtNtCs35aDzIjzncu_6hermes3acp10connection7manager5testss_42test_assistant_from_str_opencode_lowercase
FNDA:1,_RNvNtNtNtNtCs35aDzIjzncu_6hermes3acp10connection7manager5testss_46test_assistant_from_str_unknown_creates_custom
FNF:37
FNH:14
DA:28,3
DA:29,3
DA:30,1
DA:31,1
DA:32,1
DA:34,3
DA:38,263
DA:39,263
DA:40,263
DA:41,261
DA:42,259
DA:43,257
DA:45,263
DA:49,0
DA:50,0
DA:51,0
DA:68,3
DA:69,3
DA:70,1
DA:71,1
DA:72,0
DA:73,1
DA:75,3
DA:79,1532
DA:80,1532
DA:81,1532
DA:82,984
DA:83,392
DA:84,392
DA:85,392
DA:86,392
DA:87,392
DA:89,1532
DA:93,0
DA:94,0
DA:95,0
DA:113,0
DA:114,0
DA:115,0
DA:116,0
DA:117,0
DA:118,0
DA:119,0
DA:122,0
DA:123,0
DA:124,0
DA:125,0
DA:126,0
DA:129,0
DA:130,0
DA:131,0
DA:132,0
DA:133,0
DA:134,0
DA:137,0
DA:138,0
DA:139,0
DA:142,0
DA:143,0
DA:144,0
DA:147,0
DA:148,0
DA:149,0
DA:152,0
DA:153,0
DA:154,0
DA:155,0
DA:156,0
DA:157,0
DA:160,0
DA:161,0
DA:162,0
DA:163,0
DA:164,0
DA:165,0
DA:166,0
DA:167,0
DA:168,0
DA:172,0
DA:175,0
DA:176,0
DA:177,0
DA:178,0
DA:179,0
DA:180,0
DA:182,0
DA:183,0
DA:184,0
DA:185,0
DA:186,0
DA:187,0
DA:190,0
DA:191,0
DA:192,0
DA:193,0
DA:194,0
DA:195,0
DA:196,0
DA:197,0
DA:198,0
DA:199,0
DA:200,0
DA:201,0
DA:202,0
DA:204,0
DA:205,0
DA:206,0
DA:207,0
DA:208,0
DA:210,0
DA:212,0
DA:213,0
DA:214,0
DA:215,0
DA:216,0
DA:217,0
DA:220,0
DA:223,0
DA:224,0
DA:225,0
DA:226,0
DA:227,0
DA:230,0
DA:231,0
DA:232,0
DA:233,0
DA:234,0
DA:235,0
DA:236,0
DA:237,0
DA:238,0
DA:239,0
DA:241,0
DA:242,0
DA:243,0
DA:244,0
DA:246,0
DA:249,0
DA:250,0
DA:251,0
DA:252,0
DA:253,0
DA:254,0
DA:255,0
DA:256,0
DA:257,0
DA:258,0
DA:259,0
DA:260,0
DA:261,0
DA:262,0
DA:263,0
DA:264,0
DA:265,0
DA:266,0
DA:267,0
DA:268,0
DA:269,0
DA:270,0
DA:271,0
DA:272,0
DA:273,0
DA:274,0
DA:275,0
DA:276,0
DA:277,0
DA:278,0
DA:279,0
DA:303,1
DA:305,1
DA:306,3
DA:308,1
DA:309,1
DA:310,1
DA:311,1
DA:314,1
DA:315,1
DA:318,1
DA:320,1
DA:321,1
DA:323,7
DA:325,1
DA:326,1
DA:327,1
DA:328,1
DA:329,1
DA:330,1
DA:331,1
DA:332,1
DA:335,1
DA:336,1
DA:339,1
DA:341,1
DA:342,1
DA:343,1
DA:344,1
DA:345,1
DA:346,1
DA:347,1
DA:348,1
DA:350,3
DA:352,1
DA:353,1
DA:354,1
DA:355,1
DA:358,1
DA:359,1
DA:362,1
DA:363,1
DA:364,1
DA:367,1
DA:368,1
DA:369,1
DA:372,1
DA:373,1
DA:374,1
DA:377,1
DA:378,1
DA:379,1
DA:380,1
BRF:0
BRH:0
LF:238
LH:84
end_of_record
SF:/var/www/hermes/src/acp/connection/mod.rs
FN:90,_RNvMNtNtCs35aDzIjzncu_6hermes3acp10connectionNtB2_10Connection12fork_session
FN:86,_RNvMNtNtCs35aDzIjzncu_6hermes3acp10connectionNtB2_10Connection13list_sessions
FN:78,_RNvMNtNtCs35aDzIjzncu_6hermes3acp10connectionNtB2_10Connection14custom_command
FN:94,_RNvMNtNtCs35aDzIjzncu_6hermes3acp10connectionNtB2_10Connection14resume_session
FN:66,_RNvMNtNtCs35aDzIjzncu_6hermes3acp10connectionNtB2_10Connection17set_config_option
FN:98,_RNvMNtNtCs35aDzIjzncu_6hermes3acp10connectionNtB2_10Connection17set_session_model
FN:82,_RNvMNtNtCs35aDzIjzncu_6hermes3acp10connectionNtB2_10Connection19custom_notification
FN:46,_RNvMNtNtCs35aDzIjzncu_6hermes3acp10connectionNtB2_10Connection10initialize
FN:62,_RNvMNtNtCs35aDzIjzncu_6hermes3acp10connectionNtB2_10Connection12authenticate
FN:74,_RNvMNtNtCs35aDzIjzncu_6hermes3acp10connectionNtB2_10Connection12load_session
FN:50,_RNvMNtNtCs35aDzIjzncu_6hermes3acp10connectionNtB2_10Connection14create_session
FN:43,_RNvMNtNtCs35aDzIjzncu_6hermes3acp10connectionNtB2_10Connection3new
FN:38,_RNvMNtNtCs35aDzIjzncu_6hermes3acp10connectionNtB2_10Connection4send
FN:54,_RNvMNtNtCs35aDzIjzncu_6hermes3acp10connectionNtB2_10Connection6cancel
FN:58,_RNvMNtNtCs35aDzIjzncu_6hermes3acp10connectionNtB2_10Connection6prompt
FN:70,_RNvMNtNtCs35aDzIjzncu_6hermes3acp10connectionNtB2_10Connection8set_mode
FN:41,_RNCNvMNtNtCs35aDzIjzncu_6hermes3acp10connectionNtB4_10Connection4send0B8_
FN:113,_RNvNtNtNtCs35aDzIjzncu_6hermes3acp10connection5testss_26test_connection_initialize
FN:135,_RNvNtNtNtCs35aDzIjzncu_6hermes3acp10connection5testss_30test_connection_create_session
FN:121,_RNCNCNvNtNtNtCs35aDzIjzncu_6hermes3acp10connection5testss_26test_connection_initialize00Bb_
FN:143,_RNCNCNvNtNtNtCs35aDzIjzncu_6hermes3acp10connection5testss_30test_connection_create_session00Bb_
FN:113,_RNCNvNtNtNtCs35aDzIjzncu_6hermes3acp10connection5testss_26test_connection_initialize0B9_
FN:135,_RNCNvNtNtNtCs35aDzIjzncu_6hermes3acp10connection5testss_30test_connection_create_session0B9_
FNDA:0,_RNvMNtNtCs35aDzIjzncu_6hermes3acp10connectionNtB2_10Connection12fork_session
FNDA:0,_RNvMNtNtCs35aDzIjzncu_6hermes3acp10connectionNtB2_10Connection13list_sessions
FNDA:0,_RNvMNtNtCs35aDzIjzncu_6hermes3acp10connectionNtB2_10Connection14custom_command
FNDA:0,_RNvMNtNtCs35aDzIjzncu_6hermes3acp10connectionNtB2_10Connection14resume_session
FNDA:0,_RNvMNtNtCs35aDzIjzncu_6hermes3acp10connectionNtB2_10Connection17set_config_option
FNDA:0,_RNvMNtNtCs35aDzIjzncu_6hermes3acp10connectionNtB2_10Connection17set_session_model
FNDA:0,_RNvMNtNtCs35aDzIjzncu_6hermes3acp10connectionNtB2_10Connection19custom_notification
FNDA:1,_RNvMNtNtCs35aDzIjzncu_6hermes3acp10connectionNtB2_10Connection10initialize
FNDA:0,_RNvMNtNtCs35aDzIjzncu_6hermes3acp10connectionNtB2_10Connection12authenticate
FNDA:0,_RNvMNtNtCs35aDzIjzncu_6hermes3acp10connectionNtB2_10Connection12load_session
FNDA:1,_RNvMNtNtCs35aDzIjzncu_6hermes3acp10connectionNtB2_10Connection14create_session
FNDA:2,_RNvMNtNtCs35aDzIjzncu_6hermes3acp10connectionNtB2_10Connection3new
FNDA:2,_RNvMNtNtCs35aDzIjzncu_6hermes3acp10connectionNtB2_10Connection4send
FNDA:0,_RNvMNtNtCs35aDzIjzncu_6hermes3acp10connectionNtB2_10Connection6cancel
FNDA:0,_RNvMNtNtCs35aDzIjzncu_6hermes3acp10connectionNtB2_10Connection6prompt
FNDA:0,_RNvMNtNtCs35aDzIjzncu_6hermes3acp10connectionNtB2_10Connection8set_mode
FNDA:0,_RNCNvMNtNtCs35aDzIjzncu_6hermes3acp10connectionNtB4_10Connection4send0B8_
FNDA:1,_RNvNtNtNtCs35aDzIjzncu_6hermes3acp10connection5testss_26test_connection_initialize
FNDA:1,_RNvNtNtNtCs35aDzIjzncu_6hermes3acp10connection5testss_30test_connection_create_session
FNDA:1,_RNCNCNvNtNtNtCs35aDzIjzncu_6hermes3acp10connection5testss_26test_connection_initialize00Bb_
FNDA:1,_RNCNCNvNtNtNtCs35aDzIjzncu_6hermes3acp10connection5testss_30test_connection_create_session00Bb_
FNDA:1,_RNCNvNtNtNtCs35aDzIjzncu_6hermes3acp10connection5testss_26test_connection_initialize0B9_
FNDA:1,_RNCNvNtNtNtCs35aDzIjzncu_6hermes3acp10connection5testss_30test_connection_create_session0B9_
FNF:23
FNH:10
DA:38,2
DA:39,2
DA:40,2
DA:41,2
DA:42,2
DA:43,2
DA:44,2
DA:45,2
DA:46,1
DA:47,1
DA:48,1
DA:49,1
DA:50,1
DA:51,1
DA:52,1
DA:53,1
DA:54,0
DA:55,0
DA:56,0
DA:57,0
DA:58,0
DA:59,0
DA:60,0
DA:61,0
DA:62,0
DA:63,0
DA:64,0
DA:65,0
DA:66,0
DA:67,0
DA:68,0
DA:69,0
DA:70,0
DA:71,0
DA:72,0
DA:73,0
DA:74,0
DA:75,0
DA:76,0
DA:77,0
DA:78,0
DA:79,0
DA:80,0
DA:81,0
DA:82,0
DA:83,0
DA:84,0
DA:85,0
DA:86,0
DA:87,0
DA:88,0
DA:89,0
DA:90,0
DA:91,0
DA:92,0
DA:93,0
DA:94,0
DA:95,0
DA:96,0
DA:97,0
DA:98,0
DA:99,0
DA:100,0
DA:101,0
DA:113,1
DA:114,1
DA:115,1
DA:116,1
DA:119,1
DA:120,1
DA:121,1
DA:122,1
DA:123,1
DA:124,1
DA:125,1
DA:127,1
DA:128,1
DA:129,1
DA:130,1
DA:131,1
DA:132,1
DA:135,1
DA:137,1
DA:138,1
DA:140,1
DA:141,1
DA:143,1
DA:144,1
DA:145,1
DA:146,1
DA:147,1
DA:149,1
DA:150,1
DA:151,1
DA:152,1
DA:153,1
BRF:0
BRH:0
LF:106
LH:56
end_of_record
SF:/var/www/hermes/src/acp/connection/stdio.rs
FN:16,_RINvNtNtNtCs35aDzIjzncu_6hermes3acp10connection5stdio16stdio_connectionARej1_B18_EB8_
FN:16,_RINvNtNtNtCs35aDzIjzncu_6hermes3acp10connection5stdio16stdio_connectionINtNtCsauO83Ko6oyK_5alloc3vec3VecNtNtB1c_6string6StringEB1E_EB8_
FN:26,_RNCINvNtNtNtCs35aDzIjzncu_6hermes3acp10connection5stdio16stdio_connectionARej1_B1a_E0Ba_
FN:26,_RNCINvNtNtNtCs35aDzIjzncu_6hermes3acp10connection5stdio16stdio_connectionINtNtCsauO83Ko6oyK_5alloc3vec3VecNtNtB1e_6string6StringEB1G_E0Ba_
FN:35,_RNCNCNCINvNtNtNtCs35aDzIjzncu_6hermes3acp10connection5stdio16stdio_connectionARej1_B1e_E000Be_
FN:46,_RNCNCNCINvNtNtNtCs35aDzIjzncu_6hermes3acp10connection5stdio16stdio_connectionARej1_B1e_E00s0_0Be_
FN:51,_RNCNCNCINvNtNtNtCs35aDzIjzncu_6hermes3acp10connection5stdio16stdio_connectionARej1_B1e_E00s1_0Be_
FN:40,_RNCNCNCINvNtNtNtCs35aDzIjzncu_6hermes3acp10connection5stdio16stdio_connectionARej1_B1e_E00s_0Be_
FN:35,_RNCNCNCINvNtNtNtCs35aDzIjzncu_6hermes3acp10connection5stdio16stdio_connectionINtNtCsauO83Ko6oyK_5alloc3vec3VecNtNtB1i_6string6StringEB1K_E000Be_
FN:46,_RNCNCNCINvNtNtNtCs35aDzIjzncu_6hermes3acp10connection5stdio16stdio_connectionINtNtCsauO83Ko6oyK_5alloc3vec3VecNtNtB1i_6string6StringEB1K_E00s0_0Be_
FN:51,_RNCNCNCINvNtNtNtCs35aDzIjzncu_6hermes3acp10connection5stdio16stdio_connectionINtNtCsauO83Ko6oyK_5alloc3vec3VecNtNtB1i_6string6StringEB1K_E00s1_0Be_
FN:40,_RNCNCNCINvNtNtNtCs35aDzIjzncu_6hermes3acp10connection5stdio16stdio_connectionINtNtCsauO83Ko6oyK_5alloc3vec3VecNtNtB1i_6string6StringEB1K_E00s_0Be_
FN:56,_RNCNCNCNCINvNtNtNtCs35aDzIjzncu_6hermes3acp10connection5stdio16stdio_connectionARej1_B1g_E00s1_00Bg_
FN:56,_RNCNCNCNCINvNtNtNtCs35aDzIjzncu_6hermes3acp10connection5stdio16stdio_connectionINtNtCsauO83Ko6oyK_5alloc3vec3VecNtNtB1k_6string6StringEB1M_E00s1_00Bg_
FN:77,_RNCNvNtNtNtCs35aDzIjzncu_6hermes3acp10connection5stdio7connect0B9_
FN:73,_RNvNtNtNtCs35aDzIjzncu_6hermes3acp10connection5stdio7connect
FNDA:0,_RINvNtNtNtCs35aDzIjzncu_6hermes3acp10connection5stdio16stdio_connectionARej1_B18_EB8_
FNDA:0,_RINvNtNtNtCs35aDzIjzncu_6hermes3acp10connection5stdio16stdio_connectionINtNtCsauO83Ko6oyK_5alloc3vec3VecNtNtB1c_6string6StringEB1E_EB8_
FNDA:0,_RNCINvNtNtNtCs35aDzIjzncu_6hermes3acp10connection5stdio16stdio_connectionARej1_B1a_E0Ba_
FNDA:0,_RNCINvNtNtNtCs35aDzIjzncu_6hermes3acp10connection5stdio16stdio_connectionINtNtCsauO83Ko6oyK_5alloc3vec3VecNtNtB1e_6string6StringEB1G_E0Ba_
FNDA:0,_RNCNCNCINvNtNtNtCs35aDzIjzncu_6hermes3acp10connection5stdio16stdio_connectionARej1_B1e_E000Be_
FNDA:0,_RNCNCNCINvNtNtNtCs35aDzIjzncu_6hermes3acp10connection5stdio16stdio_connectionARej1_B1e_E00s0_0Be_
FNDA:0,_RNCNCNCINvNtNtNtCs35aDzIjzncu_6hermes3acp10connection5stdio16stdio_connectionARej1_B1e_E00s1_0Be_
FNDA:0,_RNCNCNCINvNtNtNtCs35aDzIjzncu_6hermes3acp10connection5stdio16stdio_connectionARej1_B1e_E00s_0Be_
FNDA:0,_RNCNCNCINvNtNtNtCs35aDzIjzncu_6hermes3acp10connection5stdio16stdio_connectionINtNtCsauO83Ko6oyK_5alloc3vec3VecNtNtB1i_6string6StringEB1K_E000Be_
FNDA:0,_RNCNCNCINvNtNtNtCs35aDzIjzncu_6hermes3acp10connection5stdio16stdio_connectionINtNtCsauO83Ko6oyK_5alloc3vec3VecNtNtB1i_6string6StringEB1K_E00s0_0Be_
FNDA:0,_RNCNCNCINvNtNtNtCs35aDzIjzncu_6hermes3acp10connection5stdio16stdio_connectionINtNtCsauO83Ko6oyK_5alloc3vec3VecNtNtB1i_6string6StringEB1K_E00s1_0Be_
FNDA:0,_RNCNCNCINvNtNtNtCs35aDzIjzncu_6hermes3acp10connection5stdio16stdio_connectionINtNtCsauO83Ko6oyK_5alloc3vec3VecNtNtB1i_6string6StringEB1K_E00s_0Be_
FNDA:0,_RNCNCNCNCINvNtNtNtCs35aDzIjzncu_6hermes3acp10connection5stdio16stdio_connectionARej1_B1g_E00s1_00Bg_
FNDA:0,_RNCNCNCNCINvNtNtNtCs35aDzIjzncu_6hermes3acp10connection5stdio16stdio_connectionINtNtCsauO83Ko6oyK_5alloc3vec3VecNtNtB1k_6string6StringEB1M_E00s1_00Bg_
FNDA:0,_RNCNvNtNtNtCs35aDzIjzncu_6hermes3acp10connection5stdio7connect0B9_
FNDA:0,_RNvNtNtNtCs35aDzIjzncu_6hermes3acp10connection5stdio7connect
FNF:9
FNH:0
DA:16,0
DA:17,0
DA:18,0
DA:19,0
DA:20,0
DA:21,0
DA:22,0
DA:23,0
DA:24,0
DA:25,0
DA:26,0
DA:35,0
DA:40,0
DA:46,0
DA:51,0
DA:52,0
DA:53,0
DA:54,0
DA:55,0
DA:56,0
DA:57,0
DA:58,0
DA:61,0
DA:63,0
DA:64,0
DA:70,0
DA:73,0
DA:74,0
DA:75,0
DA:76,0
DA:77,0
DA:96,0
BRF:0
BRH:0
LF:33
LH:0
end_of_record
SF:/var/www/hermes/src/acp/error.rs
FN:33,_RNvXININtNtCs35aDzIjzncu_6hermes3acp5errors0_0pENtB5_5ErrorINtNtCs4kUJL3MZFFz_4core7convert4FromINtNtNtCsaa59N1qzrfe_3std4sync4mpsc9SendErrorpEE4fromB9_
FN:61,_RNvXININtNtCs35aDzIjzncu_6hermes3acp5errors4_0pENtB5_5ErrorINtNtCs4kUJL3MZFFz_4core7convert4FromINtNtNtCsaa59N1qzrfe_3std4sync6poison11PoisonErrorpEE4fromB9_
FN:73,_RNvXs6_NtNtCs35aDzIjzncu_6hermes3acp5errorNtB5_5ErrorINtNtCs4kUJL3MZFFz_4core7convert4FromNtNtCsfu0yb8uwywH_8nvim_oxi5error5ErrorE4from
FN:17,_RNvXNtNtCs35aDzIjzncu_6hermes3acp5errorNtB2_5ErrorNtNtCs4kUJL3MZFFz_4core3fmt7Display3fmt
FN:55,_RNvXs3_NtNtCs35aDzIjzncu_6hermes3acp5errorNtB5_5ErrorINtNtCs4kUJL3MZFFz_4core7convert4FromNtNtCs4yJtZWcHHPS_28agent_client_protocol_schema5error5ErrorE4from
FN:67,_RNvXs5_NtNtCs35aDzIjzncu_6hermes3acp5errorNtB5_5ErrorINtNtCs4kUJL3MZFFz_4core7convert4FromNtNtCs2NGirYq1Gaa_10serde_json5error5ErrorE4from
FN:39,_RNvXs1_NtNtCs35aDzIjzncu_6hermes3acp5errorNtNtCs4yJtZWcHHPS_28agent_client_protocol_schema5error5ErrorINtNtCs4kUJL3MZFFz_4core7convert4FromNtB5_5ErrorE4from
FN:49,_RNvXs2_NtNtCs35aDzIjzncu_6hermes3acp5errorNtNtCs1G52j7fviBR_15nvim_oxi_luajit5error5ErrorINtNtCs4kUJL3MZFFz_4core7convert4FromNtB5_5ErrorE4from
FN:79,_RNvXs7_NtNtCs35aDzIjzncu_6hermes3acp5errorNtNtCsfu0yb8uwywH_8nvim_oxi5error5ErrorINtNtCs4kUJL3MZFFz_4core7convert4FromNtB5_5ErrorE4from
FNDA:0,_RNvXININtNtCs35aDzIjzncu_6hermes3acp5errors0_0pENtB5_5ErrorINtNtCs4kUJL3MZFFz_4core7convert4FromINtNtNtCsaa59N1qzrfe_3std4sync4mpsc9SendErrorpEE4fromB9_
FNDA:0,_RNvXININtNtCs35aDzIjzncu_6hermes3acp5errors4_0pENtB5_5ErrorINtNtCs4kUJL3MZFFz_4core7convert4FromINtNtNtCsaa59N1qzrfe_3std4sync6poison11PoisonErrorpEE4fromB9_
FNDA:0,_RNvXs6_NtNtCs35aDzIjzncu_6hermes3acp5errorNtB5_5ErrorINtNtCs4kUJL3MZFFz_4core7convert4FromNtNtCsfu0yb8uwywH_8nvim_oxi5error5ErrorE4from
FNDA:1,_RNvXNtNtCs35aDzIjzncu_6hermes3acp5errorNtB2_5ErrorNtNtCs4kUJL3MZFFz_4core3fmt7Display3fmt
FNDA:0,_RNvXs3_NtNtCs35aDzIjzncu_6hermes3acp5errorNtB5_5ErrorINtNtCs4kUJL3MZFFz_4core7convert4FromNtNtCs4yJtZWcHHPS_28agent_client_protocol_schema5error5ErrorE4from
FNDA:0,_RNvXs5_NtNtCs35aDzIjzncu_6hermes3acp5errorNtB5_5ErrorINtNtCs4kUJL3MZFFz_4core7convert4FromNtNtCs2NGirYq1Gaa_10serde_json5error5ErrorE4from
FNDA:0,_RNvXs1_NtNtCs35aDzIjzncu_6hermes3acp5errorNtNtCs4yJtZWcHHPS_28agent_client_protocol_schema5error5ErrorINtNtCs4kUJL3MZFFz_4core7convert4FromNtB5_5ErrorE4from
FNDA:0,_RNvXs2_NtNtCs35aDzIjzncu_6hermes3acp5errorNtNtCs1G52j7fviBR_15nvim_oxi_luajit5error5ErrorINtNtCs4kUJL3MZFFz_4core7convert4FromNtB5_5ErrorE4from
FNDA:0,_RNvXs7_NtNtCs35aDzIjzncu_6hermes3acp5errorNtNtCsfu0yb8uwywH_8nvim_oxi5error5ErrorINtNtCs4kUJL3MZFFz_4core7convert4FromNtB5_5ErrorE4from
FNF:9
FNH:1
DA:17,1
DA:18,1
DA:19,0
DA:20,0
DA:21,1
DA:22,0
DA:23,0
DA:24,0
DA:27,1
DA:33,0
DA:34,0
DA:35,0
DA:39,0
DA:40,0
DA:41,0
DA:42,0
DA:43,0
DA:45,0
DA:49,0
DA:50,0
DA:51,0
DA:55,0
DA:56,0
DA:57,0
DA:61,0
DA:62,0
DA:63,0
DA:67,0
DA:68,0
DA:69,0
DA:73,0
DA:74,0
DA:75,0
DA:79,0
DA:80,0
DA:81,0
BRF:0
BRH:0
LF:36
LH:4
end_of_record
SF:/var/www/hermes/src/acp/handler/client.rs
FN:88,_RNvXNtNtNtCs35aDzIjzncu_6hermes3acp7handler6clientNtB4_7HandlerNtNtCsjqbqiIl8AHj_21agent_client_protocol6client6Client14read_text_file
FN:106,_RNvXNtNtNtCs35aDzIjzncu_6hermes3acp7handler6clientNtB4_7HandlerNtNtCsjqbqiIl8AHj_21agent_client_protocol6client6Client15create_terminal
FN:125,_RNvXNtNtNtCs35aDzIjzncu_6hermes3acp7handler6clientNtB4_7HandlerNtNtCsjqbqiIl8AHj_21agent_client_protocol6client6Client15terminal_output
FN:70,_RNvXNtNtNtCs35aDzIjzncu_6hermes3acp7handler6clientNtB4_7HandlerNtNtCsjqbqiIl8AHj_21agent_client_protocol6client6Client15write_text_file
FN:207,_RNvXNtNtNtCs35aDzIjzncu_6hermes3acp7handler6clientNtB4_7HandlerNtNtCsjqbqiIl8AHj_21agent_client_protocol6client6Client16release_terminal
FN:21,_RNvXNtNtNtCs35aDzIjzncu_6hermes3acp7handler6clientNtB4_7HandlerNtNtCsjqbqiIl8AHj_21agent_client_protocol6client6Client18request_permission
FN:45,_RNvXNtNtNtCs35aDzIjzncu_6hermes3acp7handler6clientNtB4_7HandlerNtNtCsjqbqiIl8AHj_21agent_client_protocol6client6Client20session_notification
FN:185,_RNvXNtNtNtCs35aDzIjzncu_6hermes3acp7handler6clientNtB4_7HandlerNtNtCsjqbqiIl8AHj_21agent_client_protocol6client6Client21kill_terminal_command
FN:147,_RNvXNtNtNtCs35aDzIjzncu_6hermes3acp7handler6clientNtB4_7HandlerNtNtCsjqbqiIl8AHj_21agent_client_protocol6client6Client22wait_for_terminal_exit
FN:100,_RNCNCNvXNtNtNtCs35aDzIjzncu_6hermes3acp7handler6clientNtB8_7HandlerNtNtCsjqbqiIl8AHj_21agent_client_protocol6client6Client14read_text_file00Bc_
FN:118,_RNCNCNvXNtNtNtCs35aDzIjzncu_6hermes3acp7handler6clientNtB8_7HandlerNtNtCsjqbqiIl8AHj_21agent_client_protocol6client6Client15create_terminal00Bc_
FN:137,_RNCNCNvXNtNtNtCs35aDzIjzncu_6hermes3acp7handler6clientNtB8_7HandlerNtNtCsjqbqiIl8AHj_21agent_client_protocol6client6Client15terminal_output00Bc_
FN:82,_RNCNCNvXNtNtNtCs35aDzIjzncu_6hermes3acp7handler6clientNtB8_7HandlerNtNtCsjqbqiIl8AHj_21agent_client_protocol6client6Client15write_text_file00Bc_
FN:219,_RNCNCNvXNtNtNtCs35aDzIjzncu_6hermes3acp7handler6clientNtB8_7HandlerNtNtCsjqbqiIl8AHj_21agent_client_protocol6client6Client16release_terminal00Bc_
FN:38,_RNCNCNvXNtNtNtCs35aDzIjzncu_6hermes3acp7handler6clientNtB8_7HandlerNtNtCsjqbqiIl8AHj_21agent_client_protocol6client6Client18request_permission00Bc_
FN:51,_RNCNCNvXNtNtNtCs35aDzIjzncu_6hermes3acp7handler6clientNtB8_7HandlerNtNtCsjqbqiIl8AHj_21agent_client_protocol6client6Client20session_notification00Bc_
FN:55,_RNCNCNvXNtNtNtCs35aDzIjzncu_6hermes3acp7handler6clientNtB8_7HandlerNtNtCsjqbqiIl8AHj_21agent_client_protocol6client6Client20session_notification0s0_0Bc_
FN:53,_RNCNCNvXNtNtNtCs35aDzIjzncu_6hermes3acp7handler6clientNtB8_7HandlerNtNtCsjqbqiIl8AHj_21agent_client_protocol6client6Client20session_notification0s_0Bc_
FN:197,_RNCNCNvXNtNtNtCs35aDzIjzncu_6hermes3acp7handler6clientNtB8_7HandlerNtNtCsjqbqiIl8AHj_21agent_client_protocol6client6Client21kill_terminal_command00Bc_
FN:161,_RNCNCNvXNtNtNtCs35aDzIjzncu_6hermes3acp7handler6clientNtB8_7HandlerNtNtCsjqbqiIl8AHj_21agent_client_protocol6client6Client22wait_for_terminal_exit00Bc_
FN:162,_RNCNCNvXNtNtNtCs35aDzIjzncu_6hermes3acp7handler6clientNtB8_7HandlerNtNtCsjqbqiIl8AHj_21agent_client_protocol6client6Client22wait_for_terminal_exit0s_0Bc_
FNDA:0,_RNvXNtNtNtCs35aDzIjzncu_6hermes3acp7handler6clientNtB4_7HandlerNtNtCsjqbqiIl8AHj_21agent_client_protocol6client6Client14read_text_file
FNDA:0,_RNvXNtNtNtCs35aDzIjzncu_6hermes3acp7handler6clientNtB4_7HandlerNtNtCsjqbqiIl8AHj_21agent_client_protocol6client6Client15create_terminal
FNDA:0,_RNvXNtNtNtCs35aDzIjzncu_6hermes3acp7handler6clientNtB4_7HandlerNtNtCsjqbqiIl8AHj_21agent_client_protocol6client6Client15terminal_output
FNDA:0,_RNvXNtNtNtCs35aDzIjzncu_6hermes3acp7handler6clientNtB4_7HandlerNtNtCsjqbqiIl8AHj_21agent_client_protocol6client6Client15write_text_file
FNDA:0,_RNvXNtNtNtCs35aDzIjzncu_6hermes3acp7handler6clientNtB4_7HandlerNtNtCsjqbqiIl8AHj_21agent_client_protocol6client6Client16release_terminal
FNDA:0,_RNvXNtNtNtCs35aDzIjzncu_6hermes3acp7handler6clientNtB4_7HandlerNtNtCsjqbqiIl8AHj_21agent_client_protocol6client6Client18request_permission
FNDA:0,_RNvXNtNtNtCs35aDzIjzncu_6hermes3acp7handler6clientNtB4_7HandlerNtNtCsjqbqiIl8AHj_21agent_client_protocol6client6Client20session_notification
FNDA:0,_RNvXNtNtNtCs35aDzIjzncu_6hermes3acp7handler6clientNtB4_7HandlerNtNtCsjqbqiIl8AHj_21agent_client_protocol6client6Client21kill_terminal_command
FNDA:0,_RNvXNtNtNtCs35aDzIjzncu_6hermes3acp7handler6clientNtB4_7HandlerNtNtCsjqbqiIl8AHj_21agent_client_protocol6client6Client22wait_for_terminal_exit
FNDA:0,_RNCNCNvXNtNtNtCs35aDzIjzncu_6hermes3acp7handler6clientNtB8_7HandlerNtNtCsjqbqiIl8AHj_21agent_client_protocol6client6Client14read_text_file00Bc_
FNDA:0,_RNCNCNvXNtNtNtCs35aDzIjzncu_6hermes3acp7handler6clientNtB8_7HandlerNtNtCsjqbqiIl8AHj_21agent_client_protocol6client6Client15create_terminal00Bc_
FNDA:0,_RNCNCNvXNtNtNtCs35aDzIjzncu_6hermes3acp7handler6clientNtB8_7HandlerNtNtCsjqbqiIl8AHj_21agent_client_protocol6client6Client15terminal_output00Bc_
FNDA:0,_RNCNCNvXNtNtNtCs35aDzIjzncu_6hermes3acp7handler6clientNtB8_7HandlerNtNtCsjqbqiIl8AHj_21agent_client_protocol6client6Client15write_text_file00Bc_
FNDA:0,_RNCNCNvXNtNtNtCs35aDzIjzncu_6hermes3acp7handler6clientNtB8_7HandlerNtNtCsjqbqiIl8AHj_21agent_client_protocol6client6Client16release_terminal00Bc_
FNDA:0,_RNCNCNvXNtNtNtCs35aDzIjzncu_6hermes3acp7handler6clientNtB8_7HandlerNtNtCsjqbqiIl8AHj_21agent_client_protocol6client6Client18request_permission00Bc_
FNDA:0,_RNCNCNvXNtNtNtCs35aDzIjzncu_6hermes3acp7handler6clientNtB8_7HandlerNtNtCsjqbqiIl8AHj_21agent_client_protocol6client6Client20session_notification00Bc_
FNDA:0,_RNCNCNvXNtNtNtCs35aDzIjzncu_6hermes3acp7handler6clientNtB8_7HandlerNtNtCsjqbqiIl8AHj_21agent_client_protocol6client6Client20session_notification0s0_0Bc_
FNDA:0,_RNCNCNvXNtNtNtCs35aDzIjzncu_6hermes3acp7handler6clientNtB8_7HandlerNtNtCsjqbqiIl8AHj_21agent_client_protocol6client6Client20session_notification0s_0Bc_
FNDA:0,_RNCNCNvXNtNtNtCs35aDzIjzncu_6hermes3acp7handler6clientNtB8_7HandlerNtNtCsjqbqiIl8AHj_21agent_client_protocol6client6Client21kill_terminal_command00Bc_
FNDA:0,_RNCNCNvXNtNtNtCs35aDzIjzncu_6hermes3acp7handler6clientNtB8_7HandlerNtNtCsjqbqiIl8AHj_21agent_client_protocol6client6Client22wait_for_terminal_exit00Bc_
FNDA:0,_RNCNCNvXNtNtNtCs35aDzIjzncu_6hermes3acp7handler6clientNtB8_7HandlerNtNtCsjqbqiIl8AHj_21agent_client_protocol6client6Client22wait_for_terminal_exit0s_0Bc_
FNF:21
FNH:0
DA:21,0
DA:38,0
DA:39,0
DA:40,0
DA:41,0
DA:43,0
DA:45,0
DA:51,0
DA:53,0
DA:55,0
DA:68,0
DA:70,0
DA:82,0
DA:83,0
DA:84,0
DA:85,0
DA:86,0
DA:88,0
DA:100,0
DA:101,0
DA:102,0
DA:103,0
DA:104,0
DA:106,0
DA:118,0
DA:119,0
DA:120,0
DA:121,0
DA:122,0
DA:125,0
DA:137,0
DA:138,0
DA:139,0
DA:140,0
DA:141,0
DA:147,0
DA:161,0
DA:162,0
DA:164,0
DA:165,0
DA:166,0
DA:167,0
DA:169,0
DA:170,0
DA:171,0
DA:172,0
DA:173,0
DA:174,0
DA:175,0
DA:177,0
DA:179,0
DA:180,0
DA:185,0
DA:197,0
DA:198,0
DA:199,0
DA:200,0
DA:201,0
DA:207,0
DA:219,0
DA:220,0
DA:221,0
DA:222,0
DA:223,0
BRF:0
BRH:0
LF:64
LH:0
end_of_record
SF:/var/www/hermes/src/acp/handler/message.rs
FN:17,_RNvNtNtNtCs35aDzIjzncu_6hermes3acp7handler7message14handle_request
FN:22,_RNCNvNtNtNtCs35aDzIjzncu_6hermes3acp7handler7message14handle_request0B9_
FNDA:0,_RNvNtNtNtCs35aDzIjzncu_6hermes3acp7handler7message14handle_request
FNDA:0,_RNCNvNtNtNtCs35aDzIjzncu_6hermes3acp7handler7message14handle_request0B9_
FNF:2
FNH:0
DA:17,0
DA:18,0
DA:19,0
DA:20,0
DA:21,0
DA:22,0
DA:83,0
BRF:0
BRH:0
LF:8
LH:0
end_of_record
SF:/var/www/hermes/src/acp/handler/mod.rs
FN:135,_RNCNvMNtNtCs35aDzIjzncu_6hermes3acp7handlerNtB4_7Handler9get_agent0B8_
FN:135,_RNvMNtNtCs35aDzIjzncu_6hermes3acp7handlerNtB2_7Handler9get_agent
FN:143,_RNvMNtNtCs35aDzIjzncu_6hermes3acp7handlerNtB2_7Handler14set_agent_info
FN:127,_RNvMNtNtCs35aDzIjzncu_6hermes3acp7handlerNtB2_7Handler19can_access_terminal
FN:154,_RNvMNtNtCs35aDzIjzncu_6hermes3acp7handlerNtB2_7Handler23can_request_permissions
FN:162,_RNvMNtNtCs35aDzIjzncu_6hermes3acp7handlerNtB2_7Handler25can_receive_notifications
FN:119,_RNvMNtNtCs35aDzIjzncu_6hermes3acp7handlerNtB2_7Handler8can_read
FN:111,_RNvMNtNtCs35aDzIjzncu_6hermes3acp7handlerNtB2_7Handler9can_write
FN:179,_RINvMNtNtCs35aDzIjzncu_6hermes3acp7handlerNtB3_7Handler16send_autocommandNtNtNtB7_4nvim12autocommands8CommandsNtNtCs2NGirYq1Gaa_10serde_json5value5ValueEB7_
FN:179,_RINvMNtNtCs35aDzIjzncu_6hermes3acp7handlerNtB3_7Handler16send_autocommandNtNtNtB7_4nvim12autocommands8CommandsNtNtCs4yJtZWcHHPS_28agent_client_protocol_schema5agent14PromptResponseEB7_
FN:179,_RINvMNtNtCs35aDzIjzncu_6hermes3acp7handlerNtB3_7Handler16send_autocommandNtNtNtB7_4nvim12autocommands8CommandsNtNtCs4yJtZWcHHPS_28agent_client_protocol_schema5agent18NewSessionResponseEB7_
FN:179,_RINvMNtNtCs35aDzIjzncu_6hermes3acp7handlerNtB3_7Handler16send_autocommandNtNtNtB7_4nvim12autocommands8CommandsNtNtCs4yJtZWcHHPS_28agent_client_protocol_schema5agent19ForkSessionResponseEB7_
FN:179,_RINvMNtNtCs35aDzIjzncu_6hermes3acp7handlerNtB3_7Handler16send_autocommandNtNtNtB7_4nvim12autocommands8CommandsNtNtCs4yJtZWcHHPS_28agent_client_protocol_schema5agent19LoadSessionResponseEB7_
FN:179,_RINvMNtNtCs35aDzIjzncu_6hermes3acp7handlerNtB3_7Handler16send_autocommandNtNtNtB7_4nvim12autocommands8CommandsNtNtCs4yJtZWcHHPS_28agent_client_protocol_schema5agent20AuthenticateResponseEB7_
FN:179,_RINvMNtNtCs35aDzIjzncu_6hermes3acp7handlerNtB3_7Handler16send_autocommandNtNtNtB7_4nvim12autocommands8CommandsNtNtCs4yJtZWcHHPS_28agent_client_protocol_schema5agent20ListSessionsResponseEB7_
FN:179,_RINvMNtNtCs35aDzIjzncu_6hermes3acp7handlerNtB3_7Handler16send_autocommandNtNtNtB7_4nvim12autocommands8CommandsNtNtCs4yJtZWcHHPS_28agent_client_protocol_schema5agent21ResumeSessionResponseEB7_
FN:179,_RINvMNtNtCs35aDzIjzncu_6hermes3acp7handlerNtB3_7Handler16send_autocommandNtNtNtB7_4nvim12autocommands8CommandsNtNtCs4yJtZWcHHPS_28agent_client_protocol_schema5agent22SetSessionModeResponseEB7_
FN:179,_RINvMNtNtCs35aDzIjzncu_6hermes3acp7handlerNtB3_7Handler16send_autocommandNtNtNtB7_4nvim12autocommands8CommandsNtNtCs4yJtZWcHHPS_28agent_client_protocol_schema5agent23SetSessionModelResponseEB7_
FN:179,_RINvMNtNtCs35aDzIjzncu_6hermes3acp7handlerNtB3_7Handler16send_autocommandNtNtNtB7_4nvim12autocommands8CommandsNtNtCs4yJtZWcHHPS_28agent_client_protocol_schema5agent30SetSessionConfigOptionResponseEB7_
FN:179,_RINvMNtNtCs35aDzIjzncu_6hermes3acp7handlerNtB3_7Handler16send_autocommandNtNtNtB7_4nvim12autocommands8CommandsNtNtCs4yJtZWcHHPS_28agent_client_protocol_schema6client19ReadTextFileRequestEB7_
FN:179,_RINvMNtNtCs35aDzIjzncu_6hermes3acp7handlerNtB3_7Handler16send_autocommandNtNtNtB7_4nvim12autocommands8CommandsNtNtCs4yJtZWcHHPS_28agent_client_protocol_schema6client19SessionNotificationEB7_
FN:179,_RINvMNtNtCs35aDzIjzncu_6hermes3acp7handlerNtB3_7Handler16send_autocommandNtNtNtB7_4nvim12autocommands8CommandsNtNtCs4yJtZWcHHPS_28agent_client_protocol_schema6client20WriteTextFileRequestEB7_
FN:179,_RINvMNtNtCs35aDzIjzncu_6hermes3acp7handlerNtB3_7Handler16send_autocommandNtNtNtB7_4nvim12autocommands8CommandsNtNtCs4yJtZWcHHPS_28agent_client_protocol_schema6client21CreateTerminalRequestEB7_
FN:179,_RINvMNtNtCs35aDzIjzncu_6hermes3acp7handlerNtB3_7Handler16send_autocommandNtNtNtB7_4nvim12autocommands8CommandsNtNtCs4yJtZWcHHPS_28agent_client_protocol_schema6client21TerminalOutputRequestEB7_
FN:179,_RINvMNtNtCs35aDzIjzncu_6hermes3acp7handlerNtB3_7Handler16send_autocommandNtNtNtB7_4nvim12autocommands8CommandsNtNtCs4yJtZWcHHPS_28agent_client_protocol_schema6client22ReleaseTerminalRequestEB7_
FN:179,_RINvMNtNtCs35aDzIjzncu_6hermes3acp7handlerNtB3_7Handler16send_autocommandNtNtNtB7_4nvim12autocommands8CommandsNtNtCs4yJtZWcHHPS_28agent_client_protocol_schema6client24RequestPermissionRequestEB7_
FN:179,_RINvMNtNtCs35aDzIjzncu_6hermes3acp7handlerNtB3_7Handler16send_autocommandNtNtNtB7_4nvim12autocommands8CommandsNtNtCs4yJtZWcHHPS_28agent_client_protocol_schema6client26KillTerminalCommandRequestEB7_
FN:179,_RINvMNtNtCs35aDzIjzncu_6hermes3acp7handlerNtB3_7Handler16send_autocommandNtNtNtB7_4nvim12autocommands8CommandsNtNtCs4yJtZWcHHPS_28agent_client_protocol_schema6client26WaitForTerminalExitRequestEB7_
FN:87,_RINvMNtNtCs35aDzIjzncu_6hermes3acp7handlerNtB3_7Handler17listener_attachedNtNtCsauO83Ko6oyK_5alloc6string6StringEB7_
FN:170,_RINvMNtNtCs35aDzIjzncu_6hermes3acp7handlerNtB3_7Handler19execute_autocommandNtNtNtB7_4nvim12autocommands8CommandsNtNtCs2NGirYq1Gaa_10serde_json5value5ValueEB7_
FN:170,_RINvMNtNtCs35aDzIjzncu_6hermes3acp7handlerNtB3_7Handler19execute_autocommandNtNtNtB7_4nvim12autocommands8CommandsNtNtCs4yJtZWcHHPS_28agent_client_protocol_schema5agent14PromptResponseEB7_
FN:170,_RINvMNtNtCs35aDzIjzncu_6hermes3acp7handlerNtB3_7Handler19execute_autocommandNtNtNtB7_4nvim12autocommands8CommandsNtNtCs4yJtZWcHHPS_28agent_client_protocol_schema5agent18NewSessionResponseEB7_
FN:170,_RINvMNtNtCs35aDzIjzncu_6hermes3acp7handlerNtB3_7Handler19execute_autocommandNtNtNtB7_4nvim12autocommands8CommandsNtNtCs4yJtZWcHHPS_28agent_client_protocol_schema5agent19ForkSessionResponseEB7_
FN:170,_RINvMNtNtCs35aDzIjzncu_6hermes3acp7handlerNtB3_7Handler19execute_autocommandNtNtNtB7_4nvim12autocommands8CommandsNtNtCs4yJtZWcHHPS_28agent_client_protocol_schema5agent19LoadSessionResponseEB7_
FN:170,_RINvMNtNtCs35aDzIjzncu_6hermes3acp7handlerNtB3_7Handler19execute_autocommandNtNtNtB7_4nvim12autocommands8CommandsNtNtCs4yJtZWcHHPS_28agent_client_protocol_schema5agent20AuthenticateResponseEB7_
FN:170,_RINvMNtNtCs35aDzIjzncu_6hermes3acp7handlerNtB3_7Handler19execute_autocommandNtNtNtB7_4nvim12autocommands8CommandsNtNtCs4yJtZWcHHPS_28agent_client_protocol_schema5agent20ListSessionsResponseEB7_
FN:170,_RINvMNtNtCs35aDzIjzncu_6hermes3acp7handlerNtB3_7Handler19execute_autocommandNtNtNtB7_4nvim12autocommands8CommandsNtNtCs4yJtZWcHHPS_28agent_client_protocol_schema5agent21ResumeSessionResponseEB7_
FN:170,_RINvMNtNtCs35aDzIjzncu_6hermes3acp7handlerNtB3_7Handler19execute_autocommandNtNtNtB7_4nvim12autocommands8CommandsNtNtCs4yJtZWcHHPS_28agent_client_protocol_schema5agent22SetSessionModeResponseEB7_
FN:170,_RINvMNtNtCs35aDzIjzncu_6hermes3acp7handlerNtB3_7Handler19execute_autocommandNtNtNtB7_4nvim12autocommands8CommandsNtNtCs4yJtZWcHHPS_28agent_client_protocol_schema5agent23SetSessionModelResponseEB7_
FN:170,_RINvMNtNtCs35aDzIjzncu_6hermes3acp7handlerNtB3_7Handler19execute_autocommandNtNtNtB7_4nvim12autocommands8CommandsNtNtCs4yJtZWcHHPS_28agent_client_protocol_schema5agent30SetSessionConfigOptionResponseEB7_
FN:170,_RINvMNtNtCs35aDzIjzncu_6hermes3acp7handlerNtB3_7Handler19execute_autocommandNtNtNtB7_4nvim12autocommands8CommandsNtNtCs4yJtZWcHHPS_28agent_client_protocol_schema6client19SessionNotificationEB7_
FN:197,_RINvMNtNtCs35aDzIjzncu_6hermes3acp7handlerNtB3_7Handler27execute_autocommand_requestNtNtNtB7_4nvim12autocommands8CommandsNtNtCs4yJtZWcHHPS_28agent_client_protocol_schema6client19ReadTextFileRequestEB7_
FN:197,_RINvMNtNtCs35aDzIjzncu_6hermes3acp7handlerNtB3_7Handler27execute_autocommand_requestNtNtNtB7_4nvim12autocommands8CommandsNtNtCs4yJtZWcHHPS_28agent_client_protocol_schema6client20WriteTextFileRequestEB7_
FN:197,_RINvMNtNtCs35aDzIjzncu_6hermes3acp7handlerNtB3_7Handler27execute_autocommand_requestNtNtNtB7_4nvim12autocommands8CommandsNtNtCs4yJtZWcHHPS_28agent_client_protocol_schema6client21CreateTerminalRequestEB7_
FN:197,_RINvMNtNtCs35aDzIjzncu_6hermes3acp7handlerNtB3_7Handler27execute_autocommand_requestNtNtNtB7_4nvim12autocommands8CommandsNtNtCs4yJtZWcHHPS_28agent_client_protocol_schema6client21TerminalOutputRequestEB7_
FN:197,_RINvMNtNtCs35aDzIjzncu_6hermes3acp7handlerNtB3_7Handler27execute_autocommand_requestNtNtNtB7_4nvim12autocommands8CommandsNtNtCs4yJtZWcHHPS_28agent_client_protocol_schema6client22ReleaseTerminalRequestEB7_
FN:197,_RINvMNtNtCs35aDzIjzncu_6hermes3acp7handlerNtB3_7Handler27execute_autocommand_requestNtNtNtB7_4nvim12autocommands8CommandsNtNtCs4yJtZWcHHPS_28agent_client_protocol_schema6client24RequestPermissionRequestEB7_
FN:197,_RINvMNtNtCs35aDzIjzncu_6hermes3acp7handlerNtB3_7Handler27execute_autocommand_requestNtNtNtB7_4nvim12autocommands8CommandsNtNtCs4yJtZWcHHPS_28agent_client_protocol_schema6client26KillTerminalCommandRequestEB7_
FN:197,_RINvMNtNtCs35aDzIjzncu_6hermes3acp7handlerNtB3_7Handler27execute_autocommand_requestNtNtNtB7_4nvim12autocommands8CommandsNtNtCs4yJtZWcHHPS_28agent_client_protocol_schema6client26WaitForTerminalExitRequestEB7_
FN:29,_RINvMNtNtCs35aDzIjzncu_6hermes3acp7handlerNtB3_7Handler3newNtNtNtB7_4nvim8requests8RequestsEB7_
FN:188,_RNCINvMNtNtCs35aDzIjzncu_6hermes3acp7handlerNtB5_7Handler16send_autocommandNtNtNtB9_4nvim12autocommands8CommandsNtNtCs2NGirYq1Gaa_10serde_json5value5ValueE0B9_
FN:188,_RNCINvMNtNtCs35aDzIjzncu_6hermes3acp7handlerNtB5_7Handler16send_autocommandNtNtNtB9_4nvim12autocommands8CommandsNtNtCs4yJtZWcHHPS_28agent_client_protocol_schema5agent14PromptResponseE0B9_
FN:188,_RNCINvMNtNtCs35aDzIjzncu_6hermes3acp7handlerNtB5_7Handler16send_autocommandNtNtNtB9_4nvim12autocommands8CommandsNtNtCs4yJtZWcHHPS_28agent_client_protocol_schema5agent18NewSessionResponseE0B9_
FN:188,_RNCINvMNtNtCs35aDzIjzncu_6hermes3acp7handlerNtB5_7Handler16send_autocommandNtNtNtB9_4nvim12autocommands8CommandsNtNtCs4yJtZWcHHPS_28agent_client_protocol_schema5agent19ForkSessionResponseE0B9_
FN:188,_RNCINvMNtNtCs35aDzIjzncu_6hermes3acp7handlerNtB5_7Handler16send_autocommandNtNtNtB9_4nvim12autocommands8CommandsNtNtCs4yJtZWcHHPS_28agent_client_protocol_schema5agent19LoadSessionResponseE0B9_
FN:188,_RNCINvMNtNtCs35aDzIjzncu_6hermes3acp7handlerNtB5_7Handler16send_autocommandNtNtNtB9_4nvim12autocommands8CommandsNtNtCs4yJtZWcHHPS_28agent_client_protocol_schema5agent20AuthenticateResponseE0B9_
FN:188,_RNCINvMNtNtCs35aDzIjzncu_6hermes3acp7handlerNtB5_7Handler16send_autocommandNtNtNtB9_4nvim12autocommands8CommandsNtNtCs4yJtZWcHHPS_28agent_client_protocol_schema5agent20ListSessionsResponseE0B9_
FN:188,_RNCINvMNtNtCs35aDzIjzncu_6hermes3acp7handlerNtB5_7Handler16send_autocommandNtNtNtB9_4nvim12autocommands8CommandsNtNtCs4yJtZWcHHPS_28agent_client_protocol_schema5agent21ResumeSessionResponseE0B9_
FN:188,_RNCINvMNtNtCs35aDzIjzncu_6hermes3acp7handlerNtB5_7Handler16send_autocommandNtNtNtB9_4nvim12autocommands8CommandsNtNtCs4yJtZWcHHPS_28agent_client_protocol_schema5agent22SetSessionModeResponseE0B9_
FN:188,_RNCINvMNtNtCs35aDzIjzncu_6hermes3acp7handlerNtB5_7Handler16send_autocommandNtNtNtB9_4nvim12autocommands8CommandsNtNtCs4yJtZWcHHPS_28agent_client_protocol_schema5agent23SetSessionModelResponseE0B9_
FN:188,_RNCINvMNtNtCs35aDzIjzncu_6hermes3acp7handlerNtB5_7Handler16send_autocommandNtNtNtB9_4nvim12autocommands8CommandsNtNtCs4yJtZWcHHPS_28agent_client_protocol_schema5agent30SetSessionConfigOptionResponseE0B9_
FN:188,_RNCINvMNtNtCs35aDzIjzncu_6hermes3acp7handlerNtB5_7Handler16send_autocommandNtNtNtB9_4nvim12autocommands8CommandsNtNtCs4yJtZWcHHPS_28agent_client_protocol_schema6client19ReadTextFileRequestE0B9_
FN:188,_RNCINvMNtNtCs35aDzIjzncu_6hermes3acp7handlerNtB5_7Handler16send_autocommandNtNtNtB9_4nvim12autocommands8CommandsNtNtCs4yJtZWcHHPS_28agent_client_protocol_schema6client19SessionNotificationE0B9_
FN:188,_RNCINvMNtNtCs35aDzIjzncu_6hermes3acp7handlerNtB5_7Handler16send_autocommandNtNtNtB9_4nvim12autocommands8CommandsNtNtCs4yJtZWcHHPS_28agent_client_protocol_schema6client20WriteTextFileRequestE0B9_
FN:188,_RNCINvMNtNtCs35aDzIjzncu_6hermes3acp7handlerNtB5_7Handler16send_autocommandNtNtNtB9_4nvim12autocommands8CommandsNtNtCs4yJtZWcHHPS_28agent_client_protocol_schema6client21CreateTerminalRequestE0B9_
FN:188,_RNCINvMNtNtCs35aDzIjzncu_6hermes3acp7handlerNtB5_7Handler16send_autocommandNtNtNtB9_4nvim12autocommands8CommandsNtNtCs4yJtZWcHHPS_28agent_client_protocol_schema6client21TerminalOutputRequestE0B9_
FN:188,_RNCINvMNtNtCs35aDzIjzncu_6hermes3acp7handlerNtB5_7Handler16send_autocommandNtNtNtB9_4nvim12autocommands8CommandsNtNtCs4yJtZWcHHPS_28agent_client_protocol_schema6client22ReleaseTerminalRequestE0B9_
FN:188,_RNCINvMNtNtCs35aDzIjzncu_6hermes3acp7handlerNtB5_7Handler16send_autocommandNtNtNtB9_4nvim12autocommands8CommandsNtNtCs4yJtZWcHHPS_28agent_client_protocol_schema6client24RequestPermissionRequestE0B9_
FN:188,_RNCINvMNtNtCs35aDzIjzncu_6hermes3acp7handlerNtB5_7Handler16send_autocommandNtNtNtB9_4nvim12autocommands8CommandsNtNtCs4yJtZWcHHPS_28agent_client_protocol_schema6client26KillTerminalCommandRequestE0B9_
FN:188,_RNCINvMNtNtCs35aDzIjzncu_6hermes3acp7handlerNtB5_7Handler16send_autocommandNtNtNtB9_4nvim12autocommands8CommandsNtNtCs4yJtZWcHHPS_28agent_client_protocol_schema6client26WaitForTerminalExitRequestE0B9_
FN:102,_RNCINvMNtNtCs35aDzIjzncu_6hermes3acp7handlerNtB5_7Handler17listener_attachedNtNtCsauO83Ko6oyK_5alloc6string6StringE0B9_
FN:103,_RNCINvMNtNtCs35aDzIjzncu_6hermes3acp7handlerNtB5_7Handler17listener_attachedNtNtCsauO83Ko6oyK_5alloc6string6StringEs_0B9_
FN:174,_RNCINvMNtNtCs35aDzIjzncu_6hermes3acp7handlerNtB5_7Handler19execute_autocommandNtNtNtB9_4nvim12autocommands8CommandsNtNtCs2NGirYq1Gaa_10serde_json5value5ValueE0B9_
FN:174,_RNCINvMNtNtCs35aDzIjzncu_6hermes3acp7handlerNtB5_7Handler19execute_autocommandNtNtNtB9_4nvim12autocommands8CommandsNtNtCs4yJtZWcHHPS_28agent_client_protocol_schema5agent14PromptResponseE0B9_
FN:174,_RNCINvMNtNtCs35aDzIjzncu_6hermes3acp7handlerNtB5_7Handler19execute_autocommandNtNtNtB9_4nvim12autocommands8CommandsNtNtCs4yJtZWcHHPS_28agent_client_protocol_schema5agent18NewSessionResponseE0B9_
FN:174,_RNCINvMNtNtCs35aDzIjzncu_6hermes3acp7handlerNtB5_7Handler19execute_autocommandNtNtNtB9_4nvim12autocommands8CommandsNtNtCs4yJtZWcHHPS_28agent_client_protocol_schema5agent19ForkSessionResponseE0B9_
FN:174,_RNCINvMNtNtCs35aDzIjzncu_6hermes3acp7handlerNtB5_7Handler19execute_autocommandNtNtNtB9_4nvim12autocommands8CommandsNtNtCs4yJtZWcHHPS_28agent_client_protocol_schema5agent19LoadSessionResponseE0B9_
FN:174,_RNCINvMNtNtCs35aDzIjzncu_6hermes3acp7handlerNtB5_7Handler19execute_autocommandNtNtNtB9_4nvim12autocommands8CommandsNtNtCs4yJtZWcHHPS_28agent_client_protocol_schema5agent20AuthenticateResponseE0B9_
FN:174,_RNCINvMNtNtCs35aDzIjzncu_6hermes3acp7handlerNtB5_7Handler19execute_autocommandNtNtNtB9_4nvim12autocommands8CommandsNtNtCs4yJtZWcHHPS_28agent_client_protocol_schema5agent20ListSessionsResponseE0B9_
FN:174,_RNCINvMNtNtCs35aDzIjzncu_6hermes3acp7handlerNtB5_7Handler19execute_autocommandNtNtNtB9_4nvim12autocommands8CommandsNtNtCs4yJtZWcHHPS_28agent_client_protocol_schema5agent21ResumeSessionResponseE0B9_
FN:174,_RNCINvMNtNtCs35aDzIjzncu_6hermes3acp7handlerNtB5_7Handler19execute_autocommandNtNtNtB9_4nvim12autocommands8CommandsNtNtCs4yJtZWcHHPS_28agent_client_protocol_schema5agent22SetSessionModeResponseE0B9_
FN:174,_RNCINvMNtNtCs35aDzIjzncu_6hermes3acp7handlerNtB5_7Handler19execute_autocommandNtNtNtB9_4nvim12autocommands8CommandsNtNtCs4yJtZWcHHPS_28agent_client_protocol_schema5agent23SetSessionModelResponseE0B9_
FN:174,_RNCINvMNtNtCs35aDzIjzncu_6hermes3acp7handlerNtB5_7Handler19execute_autocommandNtNtNtB9_4nvim12autocommands8CommandsNtNtCs4yJtZWcHHPS_28agent_client_protocol_schema5agent30SetSessionConfigOptionResponseE0B9_
FN:174,_RNCINvMNtNtCs35aDzIjzncu_6hermes3acp7handlerNtB5_7Handler19execute_autocommandNtNtNtB9_4nvim12autocommands8CommandsNtNtCs4yJtZWcHHPS_28agent_client_protocol_schema6client19SessionNotificationE0B9_
FN:203,_RNCINvMNtNtCs35aDzIjzncu_6hermes3acp7handlerNtB5_7Handler27execute_autocommand_requestNtNtNtB9_4nvim12autocommands8CommandsNtNtCs4yJtZWcHHPS_28agent_client_protocol_schema6client19ReadTextFileRequestE0B9_
FN:203,_RNCINvMNtNtCs35aDzIjzncu_6hermes3acp7handlerNtB5_7Handler27execute_autocommand_requestNtNtNtB9_4nvim12autocommands8CommandsNtNtCs4yJtZWcHHPS_28agent_client_protocol_schema6client20WriteTextFileRequestE0B9_
FN:203,_RNCINvMNtNtCs35aDzIjzncu_6hermes3acp7handlerNtB5_7Handler27execute_autocommand_requestNtNtNtB9_4nvim12autocommands8CommandsNtNtCs4yJtZWcHHPS_28agent_client_protocol_schema6client21CreateTerminalRequestE0B9_
FN:203,_RNCINvMNtNtCs35aDzIjzncu_6hermes3acp7handlerNtB5_7Handler27execute_autocommand_requestNtNtNtB9_4nvim12autocommands8CommandsNtNtCs4yJtZWcHHPS_28agent_client_protocol_schema6client21TerminalOutputRequestE0B9_
FN:203,_RNCINvMNtNtCs35aDzIjzncu_6hermes3acp7handlerNtB5_7Handler27execute_autocommand_requestNtNtNtB9_4nvim12autocommands8CommandsNtNtCs4yJtZWcHHPS_28agent_client_protocol_schema6client22ReleaseTerminalRequestE0B9_
FN:203,_RNCINvMNtNtCs35aDzIjzncu_6hermes3acp7handlerNtB5_7Handler27execute_autocommand_requestNtNtNtB9_4nvim12autocommands8CommandsNtNtCs4yJtZWcHHPS_28agent_client_protocol_schema6client24RequestPermissionRequestE0B9_
FN:203,_RNCINvMNtNtCs35aDzIjzncu_6hermes3acp7handlerNtB5_7Handler27execute_autocommand_requestNtNtNtB9_4nvim12autocommands8CommandsNtNtCs4yJtZWcHHPS_28agent_client_protocol_schema6client26KillTerminalCommandRequestE0B9_
FN:203,_RNCINvMNtNtCs35aDzIjzncu_6hermes3acp7handlerNtB5_7Handler27execute_autocommand_requestNtNtNtB9_4nvim12autocommands8CommandsNtNtCs4yJtZWcHHPS_28agent_client_protocol_schema6client26WaitForTerminalExitRequestE0B9_
FN:35,_RNCINvMNtNtCs35aDzIjzncu_6hermes3acp7handlerNtB5_7Handler3newNtNtNtB9_4nvim8requests8RequestsE0B9_
FN:37,_RNCNCINvMNtNtCs35aDzIjzncu_6hermes3acp7handlerNtB7_7Handler3newNtNtNtBb_4nvim8requests8RequestsE00Bb_
FN:71,_RNCNCINvMNtNtCs35aDzIjzncu_6hermes3acp7handlerNtB7_7Handler3newNtNtNtBb_4nvim8requests8RequestsE0s_0Bb_
FN:147,_RNCNvMNtNtCs35aDzIjzncu_6hermes3acp7handlerNtB4_7Handler14set_agent_info0B8_
FN:127,_RNCNvMNtNtCs35aDzIjzncu_6hermes3acp7handlerNtB4_7Handler19can_access_terminal0B8_
FN:154,_RNCNvMNtNtCs35aDzIjzncu_6hermes3acp7handlerNtB4_7Handler23can_request_permissions0B8_
FN:162,_RNCNvMNtNtCs35aDzIjzncu_6hermes3acp7handlerNtB4_7Handler25can_receive_notifications0B8_
FN:119,_RNCNvMNtNtCs35aDzIjzncu_6hermes3acp7handlerNtB4_7Handler8can_read0B8_
FN:111,_RNCNvMNtNtCs35aDzIjzncu_6hermes3acp7handlerNtB4_7Handler9can_write0B8_
FNDA:0,_RNCNvMNtNtCs35aDzIjzncu_6hermes3acp7handlerNtB4_7Handler9get_agent0B8_
FNDA:0,_RNvMNtNtCs35aDzIjzncu_6hermes3acp7handlerNtB2_7Handler9get_agent
FNDA:0,_RNvMNtNtCs35aDzIjzncu_6hermes3acp7handlerNtB2_7Handler14set_agent_info
FNDA:0,_RNvMNtNtCs35aDzIjzncu_6hermes3acp7handlerNtB2_7Handler19can_access_terminal
FNDA:0,_RNvMNtNtCs35aDzIjzncu_6hermes3acp7handlerNtB2_7Handler23can_request_permissions
FNDA:0,_RNvMNtNtCs35aDzIjzncu_6hermes3acp7handlerNtB2_7Handler25can_receive_notifications
FNDA:0,_RNvMNtNtCs35aDzIjzncu_6hermes3acp7handlerNtB2_7Handler8can_read
FNDA:0,_RNvMNtNtCs35aDzIjzncu_6hermes3acp7handlerNtB2_7Handler9can_write
FNDA:0,_RINvMNtNtCs35aDzIjzncu_6hermes3acp7handlerNtB3_7Handler16send_autocommandNtNtNtB7_4nvim12autocommands8CommandsNtNtCs2NGirYq1Gaa_10serde_json5value5ValueEB7_
FNDA:0,_RINvMNtNtCs35aDzIjzncu_6hermes3acp7handlerNtB3_7Handler16send_autocommandNtNtNtB7_4nvim12autocommands8CommandsNtNtCs4yJtZWcHHPS_28agent_client_protocol_schema5agent14PromptResponseEB7_
FNDA:0,_RINvMNtNtCs35aDzIjzncu_6hermes3acp7handlerNtB3_7Handler16send_autocommandNtNtNtB7_4nvim12autocommands8CommandsNtNtCs4yJtZWcHHPS_28agent_client_protocol_schema5agent18NewSessionResponseEB7_
FNDA:0,_RINvMNtNtCs35aDzIjzncu_6hermes3acp7handlerNtB3_7Handler16send_autocommandNtNtNtB7_4nvim12autocommands8CommandsNtNtCs4yJtZWcHHPS_28agent_client_protocol_schema5agent19ForkSessionResponseEB7_
FNDA:0,_RINvMNtNtCs35aDzIjzncu_6hermes3acp7handlerNtB3_7Handler16send_autocommandNtNtNtB7_4nvim12autocommands8CommandsNtNtCs4yJtZWcHHPS_28agent_client_protocol_schema5agent19LoadSessionResponseEB7_
FNDA:0,_RINvMNtNtCs35aDzIjzncu_6hermes3acp7handlerNtB3_7Handler16send_autocommandNtNtNtB7_4nvim12autocommands8CommandsNtNtCs4yJtZWcHHPS_28agent_client_protocol_schema5agent20AuthenticateResponseEB7_
FNDA:0,_RINvMNtNtCs35aDzIjzncu_6hermes3acp7handlerNtB3_7Handler16send_autocommandNtNtNtB7_4nvim12autocommands8CommandsNtNtCs4yJtZWcHHPS_28agent_client_protocol_schema5agent20ListSessionsResponseEB7_
FNDA:0,_RINvMNtNtCs35aDzIjzncu_6hermes3acp7handlerNtB3_7Handler16send_autocommandNtNtNtB7_4nvim12autocommands8CommandsNtNtCs4yJtZWcHHPS_28agent_client_protocol_schema5agent21ResumeSessionResponseEB7_
FNDA:0,_RINvMNtNtCs35aDzIjzncu_6hermes3acp7handlerNtB3_7Handler16send_autocommandNtNtNtB7_4nvim12autocommands8CommandsNtNtCs4yJtZWcHHPS_28agent_client_protocol_schema5agent22SetSessionModeResponseEB7_
FNDA:0,_RINvMNtNtCs35aDzIjzncu_6hermes3acp7handlerNtB3_7Handler16send_autocommandNtNtNtB7_4nvim12autocommands8CommandsNtNtCs4yJtZWcHHPS_28agent_client_protocol_schema5agent23SetSessionModelResponseEB7_
FNDA:0,_RINvMNtNtCs35aDzIjzncu_6hermes3acp7handlerNtB3_7Handler16send_autocommandNtNtNtB7_4nvim12autocommands8CommandsNtNtCs4yJtZWcHHPS_28agent_client_protocol_schema5agent30SetSessionConfigOptionResponseEB7_
FNDA:0,_RINvMNtNtCs35aDzIjzncu_6hermes3acp7handlerNtB3_7Handler16send_autocommandNtNtNtB7_4nvim12autocommands8CommandsNtNtCs4yJtZWcHHPS_28agent_client_protocol_schema6client19ReadTextFileRequestEB7_
FNDA:0,_RINvMNtNtCs35aDzIjzncu_6hermes3acp7handlerNtB3_7Handler16send_autocommandNtNtNtB7_4nvim12autocommands8CommandsNtNtCs4yJtZWcHHPS_28agent_client_protocol_schema6client19SessionNotificationEB7_
FNDA:0,_RINvMNtNtCs35aDzIjzncu_6hermes3acp7handlerNtB3_7Handler16send_autocommandNtNtNtB7_4nvim12autocommands8CommandsNtNtCs4yJtZWcHHPS_28agent_client_protocol_schema6client20WriteTextFileRequestEB7_
FNDA:0,_RINvMNtNtCs35aDzIjzncu_6hermes3acp7handlerNtB3_7Handler16send_autocommandNtNtNtB7_4nvim12autocommands8CommandsNtNtCs4yJtZWcHHPS_28agent_client_protocol_schema6client21CreateTerminalRequestEB7_
FNDA:0,_RINvMNtNtCs35aDzIjzncu_6hermes3acp7handlerNtB3_7Handler16send_autocommandNtNtNtB7_4nvim12autocommands8CommandsNtNtCs4yJtZWcHHPS_28agent_client_protocol_schema6client21TerminalOutputRequestEB7_
FNDA:0,_RINvMNtNtCs35aDzIjzncu_6hermes3acp7handlerNtB3_7Handler16send_autocommandNtNtNtB7_4nvim12autocommands8CommandsNtNtCs4yJtZWcHHPS_28agent_client_protocol_schema6client22ReleaseTerminalRequestEB7_
FNDA:0,_RINvMNtNtCs35aDzIjzncu_6hermes3acp7handlerNtB3_7Handler16send_autocommandNtNtNtB7_4nvim12autocommands8CommandsNtNtCs4yJtZWcHHPS_28agent_client_protocol_schema6client24RequestPermissionRequestEB7_
FNDA:0,_RINvMNtNtCs35aDzIjzncu_6hermes3acp7handlerNtB3_7Handler16send_autocommandNtNtNtB7_4nvim12autocommands8CommandsNtNtCs4yJtZWcHHPS_28agent_client_protocol_schema6client26KillTerminalCommandRequestEB7_
FNDA:0,_RINvMNtNtCs35aDzIjzncu_6hermes3acp7handlerNtB3_7Handler16send_autocommandNtNtNtB7_4nvim12autocommands8CommandsNtNtCs4yJtZWcHHPS_28agent_client_protocol_schema6client26WaitForTerminalExitRequestEB7_
FNDA:0,_RINvMNtNtCs35aDzIjzncu_6hermes3acp7handlerNtB3_7Handler17listener_attachedNtNtCsauO83Ko6oyK_5alloc6string6StringEB7_
FNDA:0,_RINvMNtNtCs35aDzIjzncu_6hermes3acp7handlerNtB3_7Handler19execute_autocommandNtNtNtB7_4nvim12autocommands8CommandsNtNtCs2NGirYq1Gaa_10serde_json5value5ValueEB7_
FNDA:0,_RINvMNtNtCs35aDzIjzncu_6hermes3acp7handlerNtB3_7Handler19execute_autocommandNtNtNtB7_4nvim12autocommands8CommandsNtNtCs4yJtZWcHHPS_28agent_client_protocol_schema5agent14PromptResponseEB7_
FNDA:0,_RINvMNtNtCs35aDzIjzncu_6hermes3acp7handlerNtB3_7Handler19execute_autocommandNtNtNtB7_4nvim12autocommands8CommandsNtNtCs4yJtZWcHHPS_28agent_client_protocol_schema5agent18NewSessionResponseEB7_
FNDA:0,_RINvMNtNtCs35aDzIjzncu_6hermes3acp7handlerNtB3_7Handler19execute_autocommandNtNtNtB7_4nvim12autocommands8CommandsNtNtCs4yJtZWcHHPS_28agent_client_protocol_schema5agent19ForkSessionResponseEB7_
FNDA:0,_RINvMNtNtCs35aDzIjzncu_6hermes3acp7handlerNtB3_7Handler19execute_autocommandNtNtNtB7_4nvim12autocommands8CommandsNtNtCs4yJtZWcHHPS_28agent_client_protocol_schema5agent19LoadSessionResponseEB7_
FNDA:0,_RINvMNtNtCs35aDzIjzncu_6hermes3acp7handlerNtB3_7Handler19execute_autocommandNtNtNtB7_4nvim12autocommands8CommandsNtNtCs4yJtZWcHHPS_28agent_client_protocol_schema5agent20AuthenticateResponseEB7_
FNDA:0,_RINvMNtNtCs35aDzIjzncu_6hermes3acp7handlerNtB3_7Handler19execute_autocommandNtNtNtB7_4nvim12autocommands8CommandsNtNtCs4yJtZWcHHPS_28agent_client_protocol_schema5agent20ListSessionsResponseEB7_
FNDA:0,_RINvMNtNtCs35aDzIjzncu_6hermes3acp7handlerNtB3_7Handler19execute_autocommandNtNtNtB7_4nvim12autocommands8CommandsNtNtCs4yJtZWcHHPS_28agent_client_protocol_schema5agent21ResumeSessionResponseEB7_
FNDA:0,_RINvMNtNtCs35aDzIjzncu_6hermes3acp7handlerNtB3_7Handler19execute_autocommandNtNtNtB7_4nvim12autocommands8CommandsNtNtCs4yJtZWcHHPS_28agent_client_protocol_schema5agent22SetSessionModeResponseEB7_
FNDA:0,_RINvMNtNtCs35aDzIjzncu_6hermes3acp7handlerNtB3_7Handler19execute_autocommandNtNtNtB7_4nvim12autocommands8CommandsNtNtCs4yJtZWcHHPS_28agent_client_protocol_schema5agent23SetSessionModelResponseEB7_
FNDA:0,_RINvMNtNtCs35aDzIjzncu_6hermes3acp7handlerNtB3_7Handler19execute_autocommandNtNtNtB7_4nvim12autocommands8CommandsNtNtCs4yJtZWcHHPS_28agent_client_protocol_schema5agent30SetSessionConfigOptionResponseEB7_
FNDA:0,_RINvMNtNtCs35aDzIjzncu_6hermes3acp7handlerNtB3_7Handler19execute_autocommandNtNtNtB7_4nvim12autocommands8CommandsNtNtCs4yJtZWcHHPS_28agent_client_protocol_schema6client19SessionNotificationEB7_
FNDA:0,_RINvMNtNtCs35aDzIjzncu_6hermes3acp7handlerNtB3_7Handler27execute_autocommand_requestNtNtNtB7_4nvim12autocommands8CommandsNtNtCs4yJtZWcHHPS_28agent_client_protocol_schema6client19ReadTextFileRequestEB7_
FNDA:0,_RINvMNtNtCs35aDzIjzncu_6hermes3acp7handlerNtB3_7Handler27execute_autocommand_requestNtNtNtB7_4nvim12autocommands8CommandsNtNtCs4yJtZWcHHPS_28agent_client_protocol_schema6client20WriteTextFileRequestEB7_
FNDA:0,_RINvMNtNtCs35aDzIjzncu_6hermes3acp7handlerNtB3_7Handler27execute_autocommand_requestNtNtNtB7_4nvim12autocommands8CommandsNtNtCs4yJtZWcHHPS_28agent_client_protocol_schema6client21CreateTerminalRequestEB7_
FNDA:0,_RINvMNtNtCs35aDzIjzncu_6hermes3acp7handlerNtB3_7Handler27execute_autocommand_requestNtNtNtB7_4nvim12autocommands8CommandsNtNtCs4yJtZWcHHPS_28agent_client_protocol_schema6client21TerminalOutputRequestEB7_
FNDA:0,_RINvMNtNtCs35aDzIjzncu_6hermes3acp7handlerNtB3_7Handler27execute_autocommand_requestNtNtNtB7_4nvim12autocommands8CommandsNtNtCs4yJtZWcHHPS_28agent_client_protocol_schema6client22ReleaseTerminalRequestEB7_
FNDA:0,_RINvMNtNtCs35aDzIjzncu_6hermes3acp7handlerNtB3_7Handler27execute_autocommand_requestNtNtNtB7_4nvim12autocommands8CommandsNtNtCs4yJtZWcHHPS_28agent_client_protocol_schema6client24RequestPermissionRequestEB7_
FNDA:0,_RINvMNtNtCs35aDzIjzncu_6hermes3acp7handlerNtB3_7Handler27execute_autocommand_requestNtNtNtB7_4nvim12autocommands8CommandsNtNtCs4yJtZWcHHPS_28agent_client_protocol_schema6client26KillTerminalCommandRequestEB7_
FNDA:0,_RINvMNtNtCs35aDzIjzncu_6hermes3acp7handlerNtB3_7Handler27execute_autocommand_requestNtNtNtB7_4nvim12autocommands8CommandsNtNtCs4yJtZWcHHPS_28agent_client_protocol_schema6client26WaitForTerminalExitRequestEB7_
FNDA:0,_RINvMNtNtCs35aDzIjzncu_6hermes3acp7handlerNtB3_7Handler3newNtNtNtB7_4nvim8requests8RequestsEB7_
FNDA:0,_RNCINvMNtNtCs35aDzIjzncu_6hermes3acp7handlerNtB5_7Handler16send_autocommandNtNtNtB9_4nvim12autocommands8CommandsNtNtCs2NGirYq1Gaa_10serde_json5value5ValueE0B9_
FNDA:0,_RNCINvMNtNtCs35aDzIjzncu_6hermes3acp7handlerNtB5_7Handler16send_autocommandNtNtNtB9_4nvim12autocommands8CommandsNtNtCs4yJtZWcHHPS_28agent_client_protocol_schema5agent14PromptResponseE0B9_
FNDA:0,_RNCINvMNtNtCs35aDzIjzncu_6hermes3acp7handlerNtB5_7Handler16send_autocommandNtNtNtB9_4nvim12autocommands8CommandsNtNtCs4yJtZWcHHPS_28agent_client_protocol_schema5agent18NewSessionResponseE0B9_
FNDA:0,_RNCINvMNtNtCs35aDzIjzncu_6hermes3acp7handlerNtB5_7Handler16send_autocommandNtNtNtB9_4nvim12autocommands8CommandsNtNtCs4yJtZWcHHPS_28agent_client_protocol_schema5agent19ForkSessionResponseE0B9_
FNDA:0,_RNCINvMNtNtCs35aDzIjzncu_6hermes3acp7handlerNtB5_7Handler16send_autocommandNtNtNtB9_4nvim12autocommands8CommandsNtNtCs4yJtZWcHHPS_28agent_client_protocol_schema5agent19LoadSessionResponseE0B9_
FNDA:0,_RNCINvMNtNtCs35aDzIjzncu_6hermes3acp7handlerNtB5_7Handler16send_autocommandNtNtNtB9_4nvim12autocommands8CommandsNtNtCs4yJtZWcHHPS_28agent_client_protocol_schema5agent20AuthenticateResponseE0B9_
FNDA:0,_RNCINvMNtNtCs35aDzIjzncu_6hermes3acp7handlerNtB5_7Handler16send_autocommandNtNtNtB9_4nvim12autocommands8CommandsNtNtCs4yJtZWcHHPS_28agent_client_protocol_schema5agent20ListSessionsResponseE0B9_
FNDA:0,_RNCINvMNtNtCs35aDzIjzncu_6hermes3acp7handlerNtB5_7Handler16send_autocommandNtNtNtB9_4nvim12autocommands8CommandsNtNtCs4yJtZWcHHPS_28agent_client_protocol_schema5agent21ResumeSessionResponseE0B9_
FNDA:0,_RNCINvMNtNtCs35aDzIjzncu_6hermes3acp7handlerNtB5_7Handler16send_autocommandNtNtNtB9_4nvim12autocommands8CommandsNtNtCs4yJtZWcHHPS_28agent_client_protocol_schema5agent22SetSessionModeResponseE0B9_
FNDA:0,_RNCINvMNtNtCs35aDzIjzncu_6hermes3acp7handlerNtB5_7Handler16send_autocommandNtNtNtB9_4nvim12autocommands8CommandsNtNtCs4yJtZWcHHPS_28agent_client_protocol_schema5agent23SetSessionModelResponseE0B9_
FNDA:0,_RNCINvMNtNtCs35aDzIjzncu_6hermes3acp7handlerNtB5_7Handler16send_autocommandNtNtNtB9_4nvim12autocommands8CommandsNtNtCs4yJtZWcHHPS_28agent_client_protocol_schema5agent30SetSessionConfigOptionResponseE0B9_
FNDA:0,_RNCINvMNtNtCs35aDzIjzncu_6hermes3acp7handlerNtB5_7Handler16send_autocommandNtNtNtB9_4nvim12autocommands8CommandsNtNtCs4yJtZWcHHPS_28agent_client_protocol_schema6client19ReadTextFileRequestE0B9_
FNDA:0,_RNCINvMNtNtCs35aDzIjzncu_6hermes3acp7handlerNtB5_7Handler16send_autocommandNtNtNtB9_4nvim12autocommands8CommandsNtNtCs4yJtZWcHHPS_28agent_client_protocol_schema6client19SessionNotificationE0B9_
FNDA:0,_RNCINvMNtNtCs35aDzIjzncu_6hermes3acp7handlerNtB5_7Handler16send_autocommandNtNtNtB9_4nvim12autocommands8CommandsNtNtCs4yJtZWcHHPS_28agent_client_protocol_schema6client20WriteTextFileRequestE0B9_
FNDA:0,_RNCINvMNtNtCs35aDzIjzncu_6hermes3acp7handlerNtB5_7Handler16send_autocommandNtNtNtB9_4nvim12autocommands8CommandsNtNtCs4yJtZWcHHPS_28agent_client_protocol_schema6client21CreateTerminalRequestE0B9_
FNDA:0,_RNCINvMNtNtCs35aDzIjzncu_6hermes3acp7handlerNtB5_7Handler16send_autocommandNtNtNtB9_4nvim12autocommands8CommandsNtNtCs4yJtZWcHHPS_28agent_client_protocol_schema6client21TerminalOutputRequestE0B9_
FNDA:0,_RNCINvMNtNtCs35aDzIjzncu_6hermes3acp7handlerNtB5_7Handler16send_autocommandNtNtNtB9_4nvim12autocommands8CommandsNtNtCs4yJtZWcHHPS_28agent_client_protocol_schema6client22ReleaseTerminalRequestE0B9_
FNDA:0,_RNCINvMNtNtCs35aDzIjzncu_6hermes3acp7handlerNtB5_7Handler16send_autocommandNtNtNtB9_4nvim12autocommands8CommandsNtNtCs4yJtZWcHHPS_28agent_client_protocol_schema6client24RequestPermissionRequestE0B9_
FNDA:0,_RNCINvMNtNtCs35aDzIjzncu_6hermes3acp7handlerNtB5_7Handler16send_autocommandNtNtNtB9_4nvim12autocommands8CommandsNtNtCs4yJtZWcHHPS_28agent_client_protocol_schema6client26KillTerminalCommandRequestE0B9_
FNDA:0,_RNCINvMNtNtCs35aDzIjzncu_6hermes3acp7handlerNtB5_7Handler16send_autocommandNtNtNtB9_4nvim12autocommands8CommandsNtNtCs4yJtZWcHHPS_28agent_client_protocol_schema6client26WaitForTerminalExitRequestE0B9_
FNDA:0,_RNCINvMNtNtCs35aDzIjzncu_6hermes3acp7handlerNtB5_7Handler17listener_attachedNtNtCsauO83Ko6oyK_5alloc6string6StringE0B9_
FNDA:0,_RNCINvMNtNtCs35aDzIjzncu_6hermes3acp7handlerNtB5_7Handler17listener_attachedNtNtCsauO83Ko6oyK_5alloc6string6StringEs_0B9_
FNDA:0,_RNCINvMNtNtCs35aDzIjzncu_6hermes3acp7handlerNtB5_7Handler19execute_autocommandNtNtNtB9_4nvim12autocommands8CommandsNtNtCs2NGirYq1Gaa_10serde_json5value5ValueE0B9_
FNDA:0,_RNCINvMNtNtCs35aDzIjzncu_6hermes3acp7handlerNtB5_7Handler19execute_autocommandNtNtNtB9_4nvim12autocommands8CommandsNtNtCs4yJtZWcHHPS_28agent_client_protocol_schema5agent14PromptResponseE0B9_
FNDA:0,_RNCINvMNtNtCs35aDzIjzncu_6hermes3acp7handlerNtB5_7Handler19execute_autocommandNtNtNtB9_4nvim12autocommands8CommandsNtNtCs4yJtZWcHHPS_28agent_client_protocol_schema5agent18NewSessionResponseE0B9_
FNDA:0,_RNCINvMNtNtCs35aDzIjzncu_6hermes3acp7handlerNtB5_7Handler19execute_autocommandNtNtNtB9_4nvim12autocommands8CommandsNtNtCs4yJtZWcHHPS_28agent_client_protocol_schema5agent19ForkSessionResponseE0B9_
FNDA:0,_RNCINvMNtNtCs35aDzIjzncu_6hermes3acp7handlerNtB5_7Handler19execute_autocommandNtNtNtB9_4nvim12autocommands8CommandsNtNtCs4yJtZWcHHPS_28agent_client_protocol_schema5agent19LoadSessionResponseE0B9_
FNDA:0,_RNCINvMNtNtCs35aDzIjzncu_6hermes3acp7handlerNtB5_7Handler19execute_autocommandNtNtNtB9_4nvim12autocommands8CommandsNtNtCs4yJtZWcHHPS_28agent_client_protocol_schema5agent20AuthenticateResponseE0B9_
FNDA:0,_RNCINvMNtNtCs35aDzIjzncu_6hermes3acp7handlerNtB5_7Handler19execute_autocommandNtNtNtB9_4nvim12autocommands8CommandsNtNtCs4yJtZWcHHPS_28agent_client_protocol_schema5agent20ListSessionsResponseE0B9_
FNDA:0,_RNCINvMNtNtCs35aDzIjzncu_6hermes3acp7handlerNtB5_7Handler19execute_autocommandNtNtNtB9_4nvim12autocommands8CommandsNtNtCs4yJtZWcHHPS_28agent_client_protocol_schema5agent21ResumeSessionResponseE0B9_
FNDA:0,_RNCINvMNtNtCs35aDzIjzncu_6hermes3acp7handlerNtB5_7Handler19execute_autocommandNtNtNtB9_4nvim12autocommands8CommandsNtNtCs4yJtZWcHHPS_28agent_client_protocol_schema5agent22SetSessionModeResponseE0B9_
FNDA:0,_RNCINvMNtNtCs35aDzIjzncu_6hermes3acp7handlerNtB5_7Handler19execute_autocommandNtNtNtB9_4nvim12autocommands8CommandsNtNtCs4yJtZWcHHPS_28agent_client_protocol_schema5agent23SetSessionModelResponseE0B9_
FNDA:0,_RNCINvMNtNtCs35aDzIjzncu_6hermes3acp7handlerNtB5_7Handler19execute_autocommandNtNtNtB9_4nvim12autocommands8CommandsNtNtCs4yJtZWcHHPS_28agent_client_protocol_schema5agent30SetSessionConfigOptionResponseE0B9_
FNDA:0,_RNCINvMNtNtCs35aDzIjzncu_6hermes3acp7handlerNtB5_7Handler19execute_autocommandNtNtNtB9_4nvim12autocommands8CommandsNtNtCs4yJtZWcHHPS_28agent_client_protocol_schema6client19SessionNotificationE0B9_
FNDA:0,_RNCINvMNtNtCs35aDzIjzncu_6hermes3acp7handlerNtB5_7Handler27execute_autocommand_requestNtNtNtB9_4nvim12autocommands8CommandsNtNtCs4yJtZWcHHPS_28agent_client_protocol_schema6client19ReadTextFileRequestE0B9_
FNDA:0,_RNCINvMNtNtCs35aDzIjzncu_6hermes3acp7handlerNtB5_7Handler27execute_autocommand_requestNtNtNtB9_4nvim12autocommands8CommandsNtNtCs4yJtZWcHHPS_28agent_client_protocol_schema6client20WriteTextFileRequestE0B9_
FNDA:0,_RNCINvMNtNtCs35aDzIjzncu_6hermes3acp7handlerNtB5_7Handler27execute_autocommand_requestNtNtNtB9_4nvim12autocommands8CommandsNtNtCs4yJtZWcHHPS_28agent_client_protocol_schema6client21CreateTerminalRequestE0B9_
FNDA:0,_RNCINvMNtNtCs35aDzIjzncu_6hermes3acp7handlerNtB5_7Handler27execute_autocommand_requestNtNtNtB9_4nvim12autocommands8CommandsNtNtCs4yJtZWcHHPS_28agent_client_protocol_schema6client21TerminalOutputRequestE0B9_
FNDA:0,_RNCINvMNtNtCs35aDzIjzncu_6hermes3acp7handlerNtB5_7Handler27execute_autocommand_requestNtNtNtB9_4nvim12autocommands8CommandsNtNtCs4yJtZWcHHPS_28agent_client_protocol_schema6client22ReleaseTerminalRequestE0B9_
FNDA:0,_RNCINvMNtNtCs35aDzIjzncu_6hermes3acp7handlerNtB5_7Handler27execute_autocommand_requestNtNtNtB9_4nvim12autocommands8CommandsNtNtCs4yJtZWcHHPS_28agent_client_protocol_schema6client24RequestPermissionRequestE0B9_
FNDA:0,_RNCINvMNtNtCs35aDzIjzncu_6hermes3acp7handlerNtB5_7Handler27execute_autocommand_requestNtNtNtB9_4nvim12autocommands8CommandsNtNtCs4yJtZWcHHPS_28agent_client_protocol_schema6client26KillTerminalCommandRequestE0B9_
FNDA:0,_RNCINvMNtNtCs35aDzIjzncu_6hermes3acp7handlerNtB5_7Handler27execute_autocommand_requestNtNtNtB9_4nvim12autocommands8CommandsNtNtCs4yJtZWcHHPS_28agent_client_protocol_schema6client26WaitForTerminalExitRequestE0B9_
FNDA:0,_RNCINvMNtNtCs35aDzIjzncu_6hermes3acp7handlerNtB5_7Handler3newNtNtNtB9_4nvim8requests8RequestsE0B9_
FNDA:0,_RNCNCINvMNtNtCs35aDzIjzncu_6hermes3acp7handlerNtB7_7Handler3newNtNtNtBb_4nvim8requests8RequestsE00Bb_
FNDA:0,_RNCNCINvMNtNtCs35aDzIjzncu_6hermes3acp7handlerNtB7_7Handler3newNtNtNtBb_4nvim8requests8RequestsE0s_0Bb_
FNDA:0,_RNCNvMNtNtCs35aDzIjzncu_6hermes3acp7handlerNtB4_7Handler14set_agent_info0B8_
FNDA:0,_RNCNvMNtNtCs35aDzIjzncu_6hermes3acp7handlerNtB4_7Handler19can_access_terminal0B8_
FNDA:0,_RNCNvMNtNtCs35aDzIjzncu_6hermes3acp7handlerNtB4_7Handler23can_request_permissions0B8_
FNDA:0,_RNCNvMNtNtCs35aDzIjzncu_6hermes3acp7handlerNtB4_7Handler25can_receive_notifications0B8_
FNDA:0,_RNCNvMNtNtCs35aDzIjzncu_6hermes3acp7handlerNtB4_7Handler8can_read0B8_
FNDA:0,_RNCNvMNtNtCs35aDzIjzncu_6hermes3acp7handlerNtB4_7Handler9can_write0B8_
FNF:27
FNH:0
DA:29,0
DA:30,0
DA:31,0
DA:32,0
DA:33,0
DA:34,0
DA:35,0
DA:36,0
DA:37,0
DA:38,0
DA:39,0
DA:40,0
DA:41,0
DA:42,0
DA:43,0
DA:44,0
DA:45,0
DA:46,0
DA:47,0
DA:48,0
DA:49,0
DA:50,0
DA:51,0
DA:55,0
DA:56,0
DA:57,0
DA:59,0
DA:64,0
DA:65,0
DA:69,0
DA:70,0
DA:71,0
DA:72,0
DA:76,0
DA:77,0
DA:79,0
DA:81,0
DA:82,0
DA:83,0
DA:84,0
DA:87,0
DA:88,0
DA:89,0
DA:91,0
DA:96,0
DA:97,0
DA:98,0
DA:99,0
DA:101,0
DA:102,0
DA:103,0
DA:104,0
DA:105,0
DA:106,0
DA:107,0
DA:108,0
DA:111,0
DA:116,0
DA:119,0
DA:124,0
DA:127,0
DA:132,0
DA:135,0
DA:140,0
DA:143,0
DA:144,0
DA:145,0
DA:146,0
DA:147,0
DA:151,0
DA:154,0
DA:159,0
DA:162,0
DA:167,0
DA:170,0
DA:171,0
DA:172,0
DA:173,0
DA:174,0
DA:176,0
DA:179,0
DA:180,0
DA:181,0
DA:182,0
DA:183,0
DA:184,0
DA:185,0
DA:186,0
DA:187,0
DA:188,0
DA:194,0
DA:197,0
DA:198,0
DA:199,0
DA:200,0
DA:201,0
DA:202,0
DA:203,0
DA:207,0
BRF:0
BRH:0
LF:112
LH:0
end_of_record
SF:/var/www/hermes/src/acp/handler/response.rs
FN:43,_RNCNCNCNvMNtNtNtCs35aDzIjzncu_6hermes3acp7handler8responseNtBa_7Handler11initialized000Be_
FN:48,_RNCNCNCNvMNtNtNtCs35aDzIjzncu_6hermes3acp7handler8responseNtBa_7Handler11initialized00s_0Be_
FN:20,_RNCNvMNtNtNtCs35aDzIjzncu_6hermes3acp7handler8responseNtB6_7Handler11initialized0Ba_
FN:69,_RNCNvMNtNtNtCs35aDzIjzncu_6hermes3acp7handler8responseNtB6_7Handler13authenticated0Ba_
FN:107,_RNCNvMNtNtNtCs35aDzIjzncu_6hermes3acp7handler8responseNtB6_7Handler14session_forked0Ba_
FN:90,_RNCNvMNtNtNtCs35aDzIjzncu_6hermes3acp7handler8responseNtB6_7Handler14session_loaded0Ba_
FN:58,_RNCNvMNtNtNtCs35aDzIjzncu_6hermes3acp7handler8responseNtB6_7Handler15session_created0Ba_
FN:113,_RNCNvMNtNtNtCs35aDzIjzncu_6hermes3acp7handler8responseNtB6_7Handler15session_resumed0Ba_
FN:101,_RNCNvMNtNtNtCs35aDzIjzncu_6hermes3acp7handler8responseNtB6_7Handler15sessions_listed0Ba_
FN:78,_RNCNvMNtNtNtCs35aDzIjzncu_6hermes3acp7handler8responseNtB6_7Handler17config_option_set0Ba_
FN:119,_RNCNvMNtNtNtCs35aDzIjzncu_6hermes3acp7handler8responseNtB6_7Handler17session_model_set0Ba_
FN:96,_RNCNvMNtNtNtCs35aDzIjzncu_6hermes3acp7handler8responseNtB6_7Handler23custom_command_executed0Ba_
FN:84,_RNCNvMNtNtNtCs35aDzIjzncu_6hermes3acp7handler8responseNtB6_7Handler8mode_set0Ba_
FN:64,_RNCNvMNtNtNtCs35aDzIjzncu_6hermes3acp7handler8responseNtB6_7Handler8prompted0Ba_
FN:16,_RNvMNtNtNtCs35aDzIjzncu_6hermes3acp7handler8responseNtB4_7Handler11initialized
FN:69,_RNvMNtNtNtCs35aDzIjzncu_6hermes3acp7handler8responseNtB4_7Handler13authenticated
FN:107,_RNvMNtNtNtCs35aDzIjzncu_6hermes3acp7handler8responseNtB4_7Handler14session_forked
FN:90,_RNvMNtNtNtCs35aDzIjzncu_6hermes3acp7handler8responseNtB4_7Handler14session_loaded
FN:58,_RNvMNtNtNtCs35aDzIjzncu_6hermes3acp7handler8responseNtB4_7Handler15session_created
FN:113,_RNvMNtNtNtCs35aDzIjzncu_6hermes3acp7handler8responseNtB4_7Handler15session_resumed
FN:101,_RNvMNtNtNtCs35aDzIjzncu_6hermes3acp7handler8responseNtB4_7Handler15sessions_listed
FN:75,_RNvMNtNtNtCs35aDzIjzncu_6hermes3acp7handler8responseNtB4_7Handler17config_option_set
FN:119,_RNvMNtNtNtCs35aDzIjzncu_6hermes3acp7handler8responseNtB4_7Handler17session_model_set
FN:96,_RNvMNtNtNtCs35aDzIjzncu_6hermes3acp7handler8responseNtB4_7Handler23custom_command_executed
FN:84,_RNvMNtNtNtCs35aDzIjzncu_6hermes3acp7handler8responseNtB4_7Handler8mode_set
FN:64,_RNvMNtNtNtCs35aDzIjzncu_6hermes3acp7handler8responseNtB4_7Handler8prompted
FNDA:0,_RNCNCNCNvMNtNtNtCs35aDzIjzncu_6hermes3acp7handler8responseNtBa_7Handler11initialized000Be_
FNDA:0,_RNCNCNCNvMNtNtNtCs35aDzIjzncu_6hermes3acp7handler8responseNtBa_7Handler11initialized00s_0Be_
FNDA:0,_RNCNvMNtNtNtCs35aDzIjzncu_6hermes3acp7handler8responseNtB6_7Handler11initialized0Ba_
FNDA:0,_RNCNvMNtNtNtCs35aDzIjzncu_6hermes3acp7handler8responseNtB6_7Handler13authenticated0Ba_
FNDA:0,_RNCNvMNtNtNtCs35aDzIjzncu_6hermes3acp7handler8responseNtB6_7Handler14session_forked0Ba_
FNDA:0,_RNCNvMNtNtNtCs35aDzIjzncu_6hermes3acp7handler8responseNtB6_7Handler14session_loaded0Ba_
FNDA:0,_RNCNvMNtNtNtCs35aDzIjzncu_6hermes3acp7handler8responseNtB6_7Handler15session_created0Ba_
FNDA:0,_RNCNvMNtNtNtCs35aDzIjzncu_6hermes3acp7handler8responseNtB6_7Handler15session_resumed0Ba_
FNDA:0,_RNCNvMNtNtNtCs35aDzIjzncu_6hermes3acp7handler8responseNtB6_7Handler15sessions_listed0Ba_
FNDA:0,_RNCNvMNtNtNtCs35aDzIjzncu_6hermes3acp7handler8responseNtB6_7Handler17config_option_set0Ba_
FNDA:0,_RNCNvMNtNtNtCs35aDzIjzncu_6hermes3acp7handler8responseNtB6_7Handler17session_model_set0Ba_
FNDA:0,_RNCNvMNtNtNtCs35aDzIjzncu_6hermes3acp7handler8responseNtB6_7Handler23custom_command_executed0Ba_
FNDA:0,_RNCNvMNtNtNtCs35aDzIjzncu_6hermes3acp7handler8responseNtB6_7Handler8mode_set0Ba_
FNDA:0,_RNCNvMNtNtNtCs35aDzIjzncu_6hermes3acp7handler8responseNtB6_7Handler8prompted0Ba_
FNDA:0,_RNvMNtNtNtCs35aDzIjzncu_6hermes3acp7handler8responseNtB4_7Handler11initialized
FNDA:0,_RNvMNtNtNtCs35aDzIjzncu_6hermes3acp7handler8responseNtB4_7Handler13authenticated
FNDA:0,_RNvMNtNtNtCs35aDzIjzncu_6hermes3acp7handler8responseNtB4_7Handler14session_forked
FNDA:0,_RNvMNtNtNtCs35aDzIjzncu_6hermes3acp7handler8responseNtB4_7Handler14session_loaded
FNDA:0,_RNvMNtNtNtCs35aDzIjzncu_6hermes3acp7handler8responseNtB4_7Handler15session_created
FNDA:0,_RNvMNtNtNtCs35aDzIjzncu_6hermes3acp7handler8responseNtB4_7Handler15session_resumed
FNDA:0,_RNvMNtNtNtCs35aDzIjzncu_6hermes3acp7handler8responseNtB4_7Handler15sessions_listed
FNDA:0,_RNvMNtNtNtCs35aDzIjzncu_6hermes3acp7handler8responseNtB4_7Handler17config_option_set
FNDA:0,_RNvMNtNtNtCs35aDzIjzncu_6hermes3acp7handler8responseNtB4_7Handler17session_model_set
FNDA:0,_RNvMNtNtNtCs35aDzIjzncu_6hermes3acp7handler8responseNtB4_7Handler23custom_command_executed
FNDA:0,_RNvMNtNtNtCs35aDzIjzncu_6hermes3acp7handler8responseNtB4_7Handler8mode_set
FNDA:0,_RNvMNtNtNtCs35aDzIjzncu_6hermes3acp7handler8responseNtB4_7Handler8prompted
FNF:26
FNH:0
DA:16,0
DA:17,0
DA:18,0
DA:19,0
DA:20,0
DA:43,0
DA:44,0
DA:45,0
DA:46,0
DA:48,0
DA:49,0
DA:50,0
DA:51,0
DA:56,0
DA:58,0
DA:61,0
DA:64,0
DA:66,0
DA:69,0
DA:72,0
DA:75,0
DA:76,0
DA:77,0
DA:78,0
DA:81,0
DA:84,0
DA:87,0
DA:90,0
DA:93,0
DA:96,0
DA:98,0
DA:101,0
DA:104,0
DA:107,0
DA:110,0
DA:113,0
DA:116,0
DA:119,0
DA:122,0
BRF:0
BRH:0
LF:51
LH:0
end_of_record
SF:/var/www/hermes/src/nvim/api/authenticate.rs
FN:9,_RNvNtNtNtCs35aDzIjzncu_6hermes4nvim3api12authenticate12authenticate
FN:17,_RNCNCNvNtNtNtCs35aDzIjzncu_6hermes4nvim3api12authenticate12authenticate00Bb_
FN:11,_RNCNvNtNtNtCs35aDzIjzncu_6hermes4nvim3api12authenticate12authenticate0B9_
FNDA:0,_RNvNtNtNtCs35aDzIjzncu_6hermes4nvim3api12authenticate12authenticate
FNDA:0,_RNCNCNvNtNtNtCs35aDzIjzncu_6hermes4nvim3api12authenticate12authenticate00Bb_
FNDA:0,_RNCNvNtNtNtCs35aDzIjzncu_6hermes4nvim3api12authenticate12authenticate0B9_
FNF:3
FNH:0
DA:9,0
DA:10,0
DA:11,0
DA:12,0
DA:13,0
DA:14,0
DA:15,0
DA:16,0
DA:17,0
DA:18,0
DA:19,0
DA:20,0
DA:21,0
DA:22,0
DA:23,0
DA:24,0
DA:25,0
DA:26,0
DA:27,0
BRF:0
BRH:0
LF:22
LH:0
end_of_record
SF:/var/www/hermes/src/nvim/api/cancel.rs
FN:9,_RINvNtNtNtCs35aDzIjzncu_6hermes4nvim3api6cancel6cancelNtNtB6_8requests8RequestsEB8_
FN:14,_RNCINvNtNtNtCs35aDzIjzncu_6hermes4nvim3api6cancel6cancelNtNtB8_8requests8RequestsE0Ba_
FN:20,_RNCNCINvNtNtNtCs35aDzIjzncu_6hermes4nvim3api6cancel6cancelNtNtBa_8requests8RequestsE00Bc_
FN:26,_RNCNCINvNtNtNtCs35aDzIjzncu_6hermes4nvim3api6cancel6cancelNtNtBa_8requests8RequestsE0s_0Bc_
FNDA:0,_RINvNtNtNtCs35aDzIjzncu_6hermes4nvim3api6cancel6cancelNtNtB6_8requests8RequestsEB8_
FNDA:0,_RNCINvNtNtNtCs35aDzIjzncu_6hermes4nvim3api6cancel6cancelNtNtB8_8requests8RequestsE0Ba_
FNDA:0,_RNCNCINvNtNtNtCs35aDzIjzncu_6hermes4nvim3api6cancel6cancelNtNtBa_8requests8RequestsE00Bc_
FNDA:0,_RNCNCINvNtNtNtCs35aDzIjzncu_6hermes4nvim3api6cancel6cancelNtNtBa_8requests8RequestsE0s_0Bc_
FNF:4
FNH:0
DA:9,0
DA:10,0
DA:11,0
DA:12,0
DA:13,0
DA:14,0
DA:15,0
DA:16,0
DA:17,0
DA:18,0
DA:19,0
DA:20,0
DA:21,0
DA:22,0
DA:23,0
DA:24,0
DA:25,0
DA:26,0
DA:27,0
DA:28,0
DA:29,0
DA:30,0
DA:31,0
BRF:0
BRH:0
LF:27
LH:0
end_of_record
SF:/var/www/hermes/src/nvim/api/connect.rs
FN:98,_RNvNtNtNtNtCs35aDzIjzncu_6hermes4nvim3api7connect5tests14arb_agent_name
FN:137,_RNvNtNtNtNtCs35aDzIjzncu_6hermes4nvim3api7connect5testss_31test_assistant_from_str_copilot
FN:142,_RNvNtNtNtNtCs35aDzIjzncu_6hermes4nvim3api7connect5testss_32test_assistant_from_str_opencode
FN:153,_RNvNtNtNtNtCs35aDzIjzncu_6hermes4nvim3api7connect5testss_34test_assistant_custom_with_command
FN:147,_RNvNtNtNtNtCs35aDzIjzncu_6hermes4nvim3api7connect5testss_40test_assistant_from_str_case_insensitive
FN:106,_RNCNvNtNtNtNtCs35aDzIjzncu_6hermes4nvim3api7connect5tests14arb_agent_name0Bb_
FN:53,_RNCNCNCNvNtNtNtCs35aDzIjzncu_6hermes4nvim3api7connect7connect0s0_00Bd_
FN:33,_RNCNCNvNtNtNtCs35aDzIjzncu_6hermes4nvim3api7connect7connect00Bb_
FN:53,_RNCNCNvNtNtNtCs35aDzIjzncu_6hermes4nvim3api7connect7connect0s0_0Bb_
FN:82,_RNCNCNvNtNtNtCs35aDzIjzncu_6hermes4nvim3api7connect7connect0s1_0Bb_
FN:42,_RNCNCNvNtNtNtCs35aDzIjzncu_6hermes4nvim3api7connect7connect0s_0Bb_
FN:14,_RNCNvNtNtNtCs35aDzIjzncu_6hermes4nvim3api7connect7connect0B9_
FN:12,_RNvNtNtNtCs35aDzIjzncu_6hermes4nvim3api7connect7connect
FNDA:1,_RNvNtNtNtNtCs35aDzIjzncu_6hermes4nvim3api7connect5tests14arb_agent_name
FNDA:1,_RNvNtNtNtNtCs35aDzIjzncu_6hermes4nvim3api7connect5testss_31test_assistant_from_str_copilot
FNDA:1,_RNvNtNtNtNtCs35aDzIjzncu_6hermes4nvim3api7connect5testss_32test_assistant_from_str_opencode
FNDA:1,_RNvNtNtNtNtCs35aDzIjzncu_6hermes4nvim3api7connect5testss_34test_assistant_custom_with_command
FNDA:1,_RNvNtNtNtNtCs35aDzIjzncu_6hermes4nvim3api7connect5testss_40test_assistant_from_str_case_insensitive
FNDA:45,_RNCNvNtNtNtNtCs35aDzIjzncu_6hermes4nvim3api7connect5tests14arb_agent_name0Bb_
FNDA:0,_RNCNCNCNvNtNtNtCs35aDzIjzncu_6hermes4nvim3api7connect7connect0s0_00Bd_
FNDA:0,_RNCNCNvNtNtNtCs35aDzIjzncu_6hermes4nvim3api7connect7connect00Bb_
FNDA:0,_RNCNCNvNtNtNtCs35aDzIjzncu_6hermes4nvim3api7connect7connect0s0_0Bb_
FNDA:0,_RNCNCNvNtNtNtCs35aDzIjzncu_6hermes4nvim3api7connect7connect0s1_0Bb_
FNDA:0,_RNCNCNvNtNtNtCs35aDzIjzncu_6hermes4nvim3api7connect7connect0s_0Bb_
FNDA:0,_RNCNvNtNtNtCs35aDzIjzncu_6hermes4nvim3api7connect7connect0B9_
FNDA:0,_RNvNtNtNtCs35aDzIjzncu_6hermes4nvim3api7connect7connect
FNF:13
FNH:6
DA:12,0
DA:13,0
DA:14,0
DA:15,0
DA:20,0
DA:23,0
DA:24,0
DA:25,0
DA:27,0
DA:29,0
DA:30,0
DA:31,0
DA:32,0
DA:33,0
DA:34,0
DA:35,0
DA:38,0
DA:39,0
DA:40,0
DA:41,0
DA:42,0
DA:43,0
DA:44,0
DA:47,0
DA:48,0
DA:50,0
DA:51,0
DA:52,0
DA:53,0
DA:54,0
DA:55,0
DA:56,0
DA:57,0
DA:58,0
DA:59,0
DA:60,0
DA:61,0
DA:62,0
DA:63,0
DA:65,0
DA:69,0
DA:70,0
DA:72,0
DA:73,0
DA:74,0
DA:75,0
DA:76,0
DA:77,0
DA:78,0
DA:79,0
DA:80,0
DA:81,0
DA:82,0
DA:83,0
DA:84,0
DA:85,0
DA:86,0
DA:87,0
DA:89,0
DA:90,0
DA:98,1
DA:99,1
DA:100,1
DA:101,1
DA:102,1
DA:103,1
DA:104,1
DA:105,1
DA:106,45
DA:108,1
DA:137,1
DA:138,1
DA:139,1
DA:142,1
DA:143,1
DA:144,1
DA:147,1
DA:148,1
DA:149,1
DA:150,1
DA:153,1
DA:154,1
DA:155,1
DA:156,1
BRF:0
BRH:0
LF:91
LH:25
end_of_record
SF:/var/www/hermes/src/nvim/api/create_session.rs
FN:78,_RNCNCNvXs0_NtNtNtCs35aDzIjzncu_6hermes4nvim3api14create_sessionNtB9_17CreateSessionArgsNtNtCs1G52j7fviBR_15nvim_oxi_luajit8pushable8Pushable4push00Bf_
FN:120,_RNCNCNvXs0_NtNtNtCs35aDzIjzncu_6hermes4nvim3api14create_sessionNtB9_17CreateSessionArgsNtNtCs1G52j7fviBR_15nvim_oxi_luajit8pushable8Pushable4push0s0_0Bf_
FN:96,_RNCNCNvXs0_NtNtNtCs35aDzIjzncu_6hermes4nvim3api14create_sessionNtB9_17CreateSessionArgsNtNtCs1G52j7fviBR_15nvim_oxi_luajit8pushable8Pushable4push0s_0Bf_
FN:69,_RNCNvXs0_NtNtNtCs35aDzIjzncu_6hermes4nvim3api14create_sessionNtB7_17CreateSessionArgsNtNtCs1G52j7fviBR_15nvim_oxi_luajit8pushable8Pushable4push0Bd_
FN:55,_RNvXs0_NtNtNtCs35aDzIjzncu_6hermes4nvim3api14create_sessionNtB5_17CreateSessionArgsNtNtCs1G52j7fviBR_15nvim_oxi_luajit8pushable8Pushable4push
FN:197,_RNCNvNtNtNtNtCs35aDzIjzncu_6hermes4nvim3api14create_session18session_args_tests26arb_mcp_server_type_string0Bb_
FN:529,_RNCNvNtNtNtNtCs35aDzIjzncu_6hermes4nvim3api14create_session18session_args_testss_30test_readme_example_compliance0Bb_
FN:533,_RNCNvNtNtNtNtCs35aDzIjzncu_6hermes4nvim3api14create_session18session_args_testss_30test_readme_example_compliances_0Bb_
FN:156,_RNCNCNvNtNtNtCs35aDzIjzncu_6hermes4nvim3api14create_session14create_session00Bb_
FN:168,_RNCNCNvNtNtNtCs35aDzIjzncu_6hermes4nvim3api14create_session14create_session0s_0Bb_
FN:36,_RNCNCNvXNtNtNtCs35aDzIjzncu_6hermes4nvim3api14create_sessionNtB6_17CreateSessionArgsNtNtCsjJN1CJkPTUm_14nvim_oxi_types10conversion10FromObject11from_object00Bc_
FN:151,_RNCNvNtNtNtCs35aDzIjzncu_6hermes4nvim3api14create_session14create_session0B9_
FN:32,_RNCNvXNtNtNtCs35aDzIjzncu_6hermes4nvim3api14create_sessionNtB4_17CreateSessionArgsNtNtCsjJN1CJkPTUm_14nvim_oxi_types10conversion10FromObject11from_object0Ba_
FN:50,_RNCNvXs_NtNtNtCs35aDzIjzncu_6hermes4nvim3api14create_sessionNtB6_17CreateSessionArgsNtNtCs1G52j7fviBR_15nvim_oxi_luajit8poppable8Poppable3pop0Bc_
FN:146,_RNvNtNtNtCs35aDzIjzncu_6hermes4nvim3api14create_session14create_session
FN:25,_RNvXNtNtNtCs35aDzIjzncu_6hermes4nvim3api14create_sessionNtB2_17CreateSessionArgsNtNtCsjJN1CJkPTUm_14nvim_oxi_types10conversion10FromObject11from_object
FN:48,_RNvXs_NtNtNtCs35aDzIjzncu_6hermes4nvim3api14create_sessionNtB4_17CreateSessionArgsNtNtCs1G52j7fviBR_15nvim_oxi_luajit8poppable8Poppable3pop
[...]
FNDA:0,_RNvXININtNtNtCs35aDzIjzncu_6hermes9utilities7logging6writer0pEINtB5_11MaybeWriterpENtNtCsaa59N1qzrfe_3std2io5Write5flushBb_
FNDA:0,_RNvXININtNtNtCs35aDzIjzncu_6hermes9utilities7logging6writers0_0pEINtB5_17LevelFilterWriterpENtNtCsaa59N1qzrfe_3std2io5Write5flushBb_
FNDA:0,_RNvXININtNtNtCs35aDzIjzncu_6hermes9utilities7logging6writers1_0pEINtB5_17LevelFilterWriterpENtNtNtCsgBiT4MaOqpq_18tracing_subscriber3fmt6writer10MakeWriter11make_writerBb_
FNDA:0,_RNvMs_NtNtNtCs35aDzIjzncu_6hermes9utilities7logging6writerINtB4_17LevelFilterWriterNtNtB4_12notification12NotifyWriterE3newBa_
FNDA:0,_RNvMs_NtNtNtCs35aDzIjzncu_6hermes9utilities7logging6writerINtB4_17LevelFilterWriterNtNtB4_4file10FileWriterE3newBa_
FNDA:0,_RNvMs_NtNtNtCs35aDzIjzncu_6hermes9utilities7logging6writerINtB4_17LevelFilterWriterNtNtB4_7message13MessageWriterE3newBa_
FNDA:0,_RNvXNtNtNtCs35aDzIjzncu_6hermes9utilities7logging6writerINtB2_11MaybeWriterINtB2_17LevelFilterWriterNtNtB2_12notification12NotifyWriterEENtNtCsaa59N1qzrfe_3std2io5Write5writeB8_
FNDA:0,_RNvXNtNtNtCs35aDzIjzncu_6hermes9utilities7logging6writerINtB2_11MaybeWriterINtB2_17LevelFilterWriterNtNtB2_4file10FileWriterEENtNtCsaa59N1qzrfe_3std2io5Write5writeB8_
FNDA:0,_RNvXNtNtNtCs35aDzIjzncu_6hermes9utilities7logging6writerINtB2_11MaybeWriterINtB2_17LevelFilterWriterNtNtB2_7message13MessageWriterEENtNtCsaa59N1qzrfe_3std2io5Write5writeB8_
FNDA:0,_RNvXs0_NtNtNtCs35aDzIjzncu_6hermes9utilities7logging6writerINtB5_17LevelFilterWriterNtNtB5_12notification12NotifyWriterENtNtCsaa59N1qzrfe_3std2io5Write5writeBb_
FNDA:0,_RNvXs0_NtNtNtCs35aDzIjzncu_6hermes9utilities7logging6writerINtB5_17LevelFilterWriterNtNtB5_4file10FileWriterENtNtCsaa59N1qzrfe_3std2io5Write5writeBb_
FNDA:0,_RNvXs0_NtNtNtCs35aDzIjzncu_6hermes9utilities7logging6writerINtB5_17LevelFilterWriterNtNtB5_7message13MessageWriterENtNtCsaa59N1qzrfe_3std2io5Write5writeBb_
FNDA:0,_RNvXs1_NtNtNtCs35aDzIjzncu_6hermes9utilities7logging6writerINtB5_17LevelFilterWriterNtNtB5_12notification12NotifyWriterENtNtNtCsgBiT4MaOqpq_18tracing_subscriber3fmt6writer10MakeWriter15make_writer_forBb_
FNDA:0,_RNvXs1_NtNtNtCs35aDzIjzncu_6hermes9utilities7logging6writerINtB5_17LevelFilterWriterNtNtB5_4file10FileWriterENtNtNtCsgBiT4MaOqpq_18tracing_subscriber3fmt6writer10MakeWriter15make_writer_forBb_
FNDA:0,_RNvXs1_NtNtNtCs35aDzIjzncu_6hermes9utilities7logging6writerINtB5_17LevelFilterWriterNtNtB5_7message13MessageWriterENtNtNtCsgBiT4MaOqpq_18tracing_subscriber3fmt6writer10MakeWriter15make_writer_forBb_
FNDA:0,_RNvYNtNtNtNtNtCs35aDzIjzncu_6hermes9utilities7logging6writer4file10FileWriterNtB6_8Filtered8filteredBc_
FNDA:0,_RNvYNtNtNtNtNtCs35aDzIjzncu_6hermes9utilities7logging6writer12notification12NotifyWriterNtB6_8Filtered8filteredBc_
FNDA:0,_RNvYNtNtNtNtNtCs35aDzIjzncu_6hermes9utilities7logging6writer7message13MessageWriterNtB6_8Filtered8filteredBc_
FNF:8
FNH:0
DA:21,0
DA:22,0
DA:23,0
DA:24,0
DA:26,0
DA:28,0
DA:29,0
DA:30,0
DA:31,0
DA:33,0
DA:47,0
DA:48,0
DA:49,0
DA:56,0
DA:57,0
DA:58,0
DA:60,0
DA:61,0
DA:62,0
DA:71,0
DA:72,0
DA:73,0
DA:74,0
DA:75,0
DA:77,0
DA:79,0
DA:81,0
DA:82,0
DA:83,0
DA:84,0
DA:85,0
DA:94,0
DA:95,0
DA:96,0
BRF:0
BRH:0
LF:34
LH:0
end_of_record
SF:/var/www/hermes/src/utilities/logging/writer/notification.rs
FN:40,_RNvXs1_NtNtNtNtCs35aDzIjzncu_6hermes9utilities7logging6writer12notificationNtB5_12NotifyWriterNtNtCsaa59N1qzrfe_3std2io5Write5flush
FN:48,_RNvXs2_NtNtNtNtCs35aDzIjzncu_6hermes9utilities7logging6writer12notificationNtB5_12NotifyWriterNtNtNtCsgBiT4MaOqpq_18tracing_subscriber3fmt6writer10MakeWriter11make_writer
FN:20,_RNvMs0_NtNtNtNtCs35aDzIjzncu_6hermes9utilities7logging6writer12notificationNtB5_12NotifyWriter3new
FN:29,_RNvXs1_NtNtNtNtCs35aDzIjzncu_6hermes9utilities7logging6writer12notificationNtB5_12NotifyWriterNtNtCsaa59N1qzrfe_3std2io5Write5write
FN:35,_RNCNvXs1_NtNtNtNtCs35aDzIjzncu_6hermes9utilities7logging6writer12notificationNtB7_12NotifyWriterNtNtCsaa59N1qzrfe_3std2io5Write5write0Bf_
FNDA:0,_RNvXs1_NtNtNtNtCs35aDzIjzncu_6hermes9utilities7logging6writer12notificationNtB5_12NotifyWriterNtNtCsaa59N1qzrfe_3std2io5Write5flush
FNDA:0,_RNvXs2_NtNtNtNtCs35aDzIjzncu_6hermes9utilities7logging6writer12notificationNtB5_12NotifyWriterNtNtNtCsgBiT4MaOqpq_18tracing_subscriber3fmt6writer10MakeWriter11make_writer
FNDA:0,_RNvMs0_NtNtNtNtCs35aDzIjzncu_6hermes9utilities7logging6writer12notificationNtB5_12NotifyWriter3new
FNDA:0,_RNvXs1_NtNtNtNtCs35aDzIjzncu_6hermes9utilities7logging6writer12notificationNtB5_12NotifyWriterNtNtCsaa59N1qzrfe_3std2io5Write5write
FNDA:0,_RNCNvXs1_NtNtNtNtCs35aDzIjzncu_6hermes9utilities7logging6writer12notificationNtB7_12NotifyWriterNtNtCsaa59N1qzrfe_3std2io5Write5write0Bf_
FNF:5
FNH:0
DA:20,0
DA:21,0
DA:22,0
DA:23,0
DA:24,0
DA:25,0
DA:29,0
DA:31,0
DA:33,0
DA:34,0
DA:35,0
DA:37,0
DA:38,0
DA:40,0
DA:41,0
DA:42,0
DA:48,0
DA:49,0
DA:50,0
BRF:0
BRH:0
LF:20
LH:0
end_of_record
SF:/var/www/hermes/src/utilities/nvim.rs
FN:13,_RINvMNtNtCs35aDzIjzncu_6hermes9utilities4nvimINtB3_13NvimMessengerNtCshDkj952tQNZ_4uuid4UuidE10initializeNCNvMNtNtB7_4nvim8requestsNtB1K_8Requests3new0uEB7_
FN:13,_RINvMNtNtCs35aDzIjzncu_6hermes9utilities4nvimINtB3_13NvimMessengerTNtNtCsauO83Ko6oyK_5alloc6string6StringNtNtCs2NGirYq1Gaa_10serde_json5value5ValueINtNtCs4kUJL3MZFFz_4core6option6OptionTNtNtNtNtB7_4nvim8requests7request9ResponderB13_EEEE10initializeNCINvMNtNtB7_3acp7handlerNtB45_7Handler3newNtB32_8RequestsE0uEB7_
FN:20,_RNCINvMNtNtCs35aDzIjzncu_6hermes9utilities4nvimINtB5_13NvimMessengerNtCshDkj952tQNZ_4uuid4UuidE10initializeNCNvMNtNtB9_4nvim8requestsNtB1M_8Requests3new0uE0B9_
FN:27,_RNCINvMNtNtCs35aDzIjzncu_6hermes9utilities4nvimINtB5_13NvimMessengerNtCshDkj952tQNZ_4uuid4UuidE10initializeNCNvMNtNtB9_4nvim8requestsNtB1M_8Requests3new0uEs_0B9_
FN:20,_RNCINvMNtNtCs35aDzIjzncu_6hermes9utilities4nvimINtB5_13NvimMessengerTNtNtCsauO83Ko6oyK_5alloc6string6StringNtNtCs2NGirYq1Gaa_10serde_json5value5ValueINtNtCs4kUJL3MZFFz_4core6option6OptionTNtNtNtNtB9_4nvim8requests7request9ResponderB15_EEEE10initializeNCINvMNtNtB9_3acp7handlerNtB47_7Handler3newNtB34_8RequestsE0uE0B9_
FN:27,_RNCINvMNtNtCs35aDzIjzncu_6hermes9utilities4nvimINtB5_13NvimMessengerTNtNtCsauO83Ko6oyK_5alloc6string6StringNtNtCs2NGirYq1Gaa_10serde_json5value5ValueINtNtCs4kUJL3MZFFz_4core6option6OptionTNtNtNtNtB9_4nvim8requests7request9ResponderB15_EEEE10initializeNCINvMNtNtB9_3acp7handlerNtB47_7Handler3newNtB34_8RequestsE0uEs_0B9_
FN:56,_RNCNCNvXs0_NtNtCs35aDzIjzncu_6hermes9utilities4nvimINtB9_13NvimMessengerTNtNtCsauO83Ko6oyK_5alloc6string6StringNtNtCs2NGirYq1Gaa_10serde_json5value5ValueINtNtCs4kUJL3MZFFz_4core6option6OptionTNtNtNtNtBd_4nvim8requests7request9ResponderB19_EEEEINtB9_14TransmitToNvimB18_E4send00Bd_
FN:59,_RNCNCNvXs0_NtNtCs35aDzIjzncu_6hermes9utilities4nvimINtB9_13NvimMessengerTNtNtCsauO83Ko6oyK_5alloc6string6StringNtNtCs2NGirYq1Gaa_10serde_json5value5ValueINtNtCs4kUJL3MZFFz_4core6option6OptionTNtNtNtNtBd_4nvim8requests7request9ResponderB19_EEEEINtB9_14TransmitToNvimB18_E4send0s_0Bd_
FN:46,_RNCNvXs0_NtNtCs35aDzIjzncu_6hermes9utilities4nvimINtB7_13NvimMessengerNtCshDkj952tQNZ_4uuid4UuidEINtB7_14TransmitToNvimB16_E13blocking_send0Bb_
FN:49,_RNCNvXs0_NtNtCs35aDzIjzncu_6hermes9utilities4nvimINtB7_13NvimMessengerNtCshDkj952tQNZ_4uuid4UuidEINtB7_14TransmitToNvimB16_E13blocking_sends_0Bb_
FN:43,_RNvXs0_NtNtCs35aDzIjzncu_6hermes9utilities4nvimINtB5_13NvimMessengerNtCshDkj952tQNZ_4uuid4UuidEINtB5_14TransmitToNvimB14_E13blocking_sendB9_
FN:52,_RNvXs0_NtNtCs35aDzIjzncu_6hermes9utilities4nvimINtB5_13NvimMessengerTNtNtCsauO83Ko6oyK_5alloc6string6StringNtNtCs2NGirYq1Gaa_10serde_json5value5ValueINtNtCs4kUJL3MZFFz_4core6option6OptionTNtNtNtNtB9_4nvim8requests7request9ResponderB15_EEEEINtB5_14TransmitToNvimB14_E4sendB9_
FNDA:0,_RINvMNtNtCs35aDzIjzncu_6hermes9utilities4nvimINtB3_13NvimMessengerNtCshDkj952tQNZ_4uuid4UuidE10initializeNCNvMNtNtB7_4nvim8requestsNtB1K_8Requests3new0uEB7_
FNDA:0,_RINvMNtNtCs35aDzIjzncu_6hermes9utilities4nvimINtB3_13NvimMessengerTNtNtCsauO83Ko6oyK_5alloc6string6StringNtNtCs2NGirYq1Gaa_10serde_json5value5ValueINtNtCs4kUJL3MZFFz_4core6option6OptionTNtNtNtNtB7_4nvim8requests7request9ResponderB13_EEEE10initializeNCINvMNtNtB7_3acp7handlerNtB45_7Handler3newNtB32_8RequestsE0uEB7_
FNDA:0,_RNCINvMNtNtCs35aDzIjzncu_6hermes9utilities4nvimINtB5_13NvimMessengerNtCshDkj952tQNZ_4uuid4UuidE10initializeNCNvMNtNtB9_4nvim8requestsNtB1M_8Requests3new0uE0B9_
FNDA:0,_RNCINvMNtNtCs35aDzIjzncu_6hermes9utilities4nvimINtB5_13NvimMessengerNtCshDkj952tQNZ_4uuid4UuidE10initializeNCNvMNtNtB9_4nvim8requestsNtB1M_8Requests3new0uEs_0B9_
FNDA:0,_RNCINvMNtNtCs35aDzIjzncu_6hermes9utilities4nvimINtB5_13NvimMessengerTNtNtCsauO83Ko6oyK_5alloc6string6StringNtNtCs2NGirYq1Gaa_10serde_json5value5ValueINtNtCs4kUJL3MZFFz_4core6option6OptionTNtNtNtNtB9_4nvim8requests7request9ResponderB15_EEEE10initializeNCINvMNtNtB9_3acp7handlerNtB47_7Handler3newNtB34_8RequestsE0uE0B9_
FNDA:0,_RNCINvMNtNtCs35aDzIjzncu_6hermes9utilities4nvimINtB5_13NvimMessengerTNtNtCsauO83Ko6oyK_5alloc6string6StringNtNtCs2NGirYq1Gaa_10serde_json5value5ValueINtNtCs4kUJL3MZFFz_4core6option6OptionTNtNtNtNtB9_4nvim8requests7request9ResponderB15_EEEE10initializeNCINvMNtNtB9_3acp7handlerNtB47_7Handler3newNtB34_8RequestsE0uEs_0B9_
FNDA:0,_RNCNCNvXs0_NtNtCs35aDzIjzncu_6hermes9utilities4nvimINtB9_13NvimMessengerTNtNtCsauO83Ko6oyK_5alloc6string6StringNtNtCs2NGirYq1Gaa_10serde_json5value5ValueINtNtCs4kUJL3MZFFz_4core6option6OptionTNtNtNtNtBd_4nvim8requests7request9ResponderB19_EEEEINtB9_14TransmitToNvimB18_E4send00Bd_
FNDA:0,_RNCNCNvXs0_NtNtCs35aDzIjzncu_6hermes9utilities4nvimINtB9_13NvimMessengerTNtNtCsauO83Ko6oyK_5alloc6string6StringNtNtCs2NGirYq1Gaa_10serde_json5value5ValueINtNtCs4kUJL3MZFFz_4core6option6OptionTNtNtNtNtBd_4nvim8requests7request9ResponderB19_EEEEINtB9_14TransmitToNvimB18_E4send0s_0Bd_
FNDA:0,_RNCNvXs0_NtNtCs35aDzIjzncu_6hermes9utilities4nvimINtB7_13NvimMessengerNtCshDkj952tQNZ_4uuid4UuidEINtB7_14TransmitToNvimB16_E13blocking_send0Bb_
FNDA:0,_RNCNvXs0_NtNtCs35aDzIjzncu_6hermes9utilities4nvimINtB7_13NvimMessengerNtCshDkj952tQNZ_4uuid4UuidEINtB7_14TransmitToNvimB16_E13blocking_sends_0Bb_
FNDA:0,_RNvXs0_NtNtCs35aDzIjzncu_6hermes9utilities4nvimINtB5_13NvimMessengerNtCshDkj952tQNZ_4uuid4UuidEINtB5_14TransmitToNvimB14_E13blocking_sendB9_
FNDA:0,_RNvXs0_NtNtCs35aDzIjzncu_6hermes9utilities4nvimINtB5_13NvimMessengerTNtNtCsauO83Ko6oyK_5alloc6string6StringNtNtCs2NGirYq1Gaa_10serde_json5value5ValueINtNtCs4kUJL3MZFFz_4core6option6OptionTNtNtNtNtB9_4nvim8requests7request9ResponderB15_EEEEINtB5_14TransmitToNvimB14_E4sendB9_
FNF:9
FNH:0
DA:13,0
DA:14,0
DA:15,0
DA:16,0
DA:17,0
DA:19,0
DA:20,0
DA:21,0
DA:22,0
DA:23,0
DA:24,0
DA:26,0
DA:27,0
DA:28,0
DA:29,0
DA:30,0
DA:31,0
DA:32,0
DA:43,0
DA:44,0
DA:45,0
DA:46,0
DA:47,0
DA:48,0
DA:49,0
DA:50,0
DA:52,0
DA:56,0
DA:59,0
DA:60,0
BRF:0
BRH:0
LF:34
LH:0
end_of_record
SF:/var/www/hermes/src/utilities/project.rs
FN:14,_RNCNCNCNCNCNvNtNtCs35aDzIjzncu_6hermes9utilities7project16get_project_roots_00000Bf_
FN:10,_RNCNCNCNCNvNtNtCs35aDzIjzncu_6hermes9utilities7project16get_project_roots_0000Bd_
FN:9,_RNCNCNCNvNtNtCs35aDzIjzncu_6hermes9utilities7project16get_project_roots_000Bb_
FN:8,_RNCNCNvNtNtCs35aDzIjzncu_6hermes9utilities7project16get_project_roots_00B9_
FN:5,_RNCNvNtNtCs35aDzIjzncu_6hermes9utilities7project16get_project_root0B7_
FN:6,_RNCNvNtNtCs35aDzIjzncu_6hermes9utilities7project16get_project_roots_0B7_
FN:46,_RNvNtNtNtCs35aDzIjzncu_6hermes9utilities7project22get_project_root_testss_32test_get_project_root_parent_dir
FN:35,_RNvNtNtNtCs35aDzIjzncu_6hermes9utilities7project22get_project_root_testss_33test_get_project_root_current_dir
FN:60,_RNvNtNtNtCs35aDzIjzncu_6hermes9utilities7project22get_project_root_testss_37test_get_project_root_grandparent_dir
FN:87,_RNvNtNtNtCs35aDzIjzncu_6hermes9utilities7project22get_project_root_testss_38test_get_project_root_multiple_markers
FN:76,_RNvNtNtNtCs35aDzIjzncu_6hermes9utilities7project22get_project_root_testss_49test_get_project_root_no_marker_returns_start_dir
FN:103,_RNvNtNtNtCs35aDzIjzncu_6hermes9utilities7project22get_project_root_testss_51test_get_project_root_handles_nonexistent_start_dir
FN:3,_RNvNtNtCs35aDzIjzncu_6hermes9utilities7project16get_project_root
FNDA:399,_RNCNCNCNCNCNvNtNtCs35aDzIjzncu_6hermes9utilities7project16get_project_roots_00000Bf_
FNDA:399,_RNCNCNCNCNvNtNtCs35aDzIjzncu_6hermes9utilities7project16get_project_roots_0000Bd_
FNDA:399,_RNCNCNCNvNtNtCs35aDzIjzncu_6hermes9utilities7project16get_project_roots_000Bb_
FNDA:14,_RNCNCNvNtNtCs35aDzIjzncu_6hermes9utilities7project16get_project_roots_00B9_
FNDA:8,_RNCNvNtNtCs35aDzIjzncu_6hermes9utilities7project16get_project_root0B7_
FNDA:15,_RNCNvNtNtCs35aDzIjzncu_6hermes9utilities7project16get_project_roots_0B7_
FNDA:1,_RNvNtNtNtCs35aDzIjzncu_6hermes9utilities7project22get_project_root_testss_32test_get_project_root_parent_dir
FNDA:1,_RNvNtNtNtCs35aDzIjzncu_6hermes9utilities7project22get_project_root_testss_33test_get_project_root_current_dir
FNDA:1,_RNvNtNtNtCs35aDzIjzncu_6hermes9utilities7project22get_project_root_testss_37test_get_project_root_grandparent_dir
FNDA:1,_RNvNtNtNtCs35aDzIjzncu_6hermes9utilities7project22get_project_root_testss_38test_get_project_root_multiple_markers
FNDA:1,_RNvNtNtNtCs35aDzIjzncu_6hermes9utilities7project22get_project_root_testss_49test_get_project_root_no_marker_returns_start_dir
FNDA:1,_RNvNtNtNtCs35aDzIjzncu_6hermes9utilities7project22get_project_root_testss_51test_get_project_root_handles_nonexistent_start_dir
FNDA:7,_RNvNtNtCs35aDzIjzncu_6hermes9utilities7project16get_project_root
FNF:13
FNH:13
DA:3,7
DA:4,7
DA:5,8
DA:6,15
DA:7,15
DA:8,15
DA:9,399
DA:10,399
DA:11,399
DA:12,399
DA:13,399
DA:14,399
DA:15,399
DA:16,399
DA:17,399
DA:18,399
DA:19,14
DA:20,15
DA:21,15
DA:22,7
DA:23,7
DA:35,1
DA:36,1
DA:37,1
DA:38,1
DA:39,1
DA:41,1
DA:42,1
DA:43,1
DA:46,1
DA:47,1
DA:48,1
DA:49,1
DA:50,1
DA:52,1
DA:53,1
DA:55,1
DA:56,1
DA:57,1
DA:60,1
DA:61,1
DA:62,1
DA:63,1
DA:64,1
DA:66,1
DA:67,1
DA:68,1
DA:69,1
DA:71,1
DA:72,1
DA:73,1
DA:76,1
DA:77,1
DA:78,1
DA:79,1
DA:80,1
DA:82,1
DA:83,1
DA:84,1
DA:87,1
DA:88,1
DA:89,1
DA:91,1
DA:92,1
DA:94,1
DA:95,1
DA:97,1
DA:98,1
DA:99,1
DA:100,1
DA:103,1
DA:104,1
DA:105,1
DA:106,1
DA:107,1
DA:109,1
DA:111,1
DA:112,1
DA:113,1
BRF:0
BRH:0
LF:85
LH:85
end_of_record
SF:/var/www/hermes/src/utilities/prompt.rs
FN:167,_RNvNtNtNtCs35aDzIjzncu_6hermes9utilities6prompt5testss_34test_get_permission_prompt_variety
FN:130,_RNvNtNtNtCs35aDzIjzncu_6hermes9utilities6prompt5testss_41test_get_permission_prompt_returns_string
FN:91,_RNvNtNtNtCs35aDzIjzncu_6hermes9utilities6prompt5testss_41test_get_random_element_selects_from_list
FN:111,_RNvNtNtNtCs35aDzIjzncu_6hermes9utilities6prompt5testss_41test_get_random_element_with_two_elements
FN:122,_RNvNtNtNtCs35aDzIjzncu_6hermes9utilities6prompt5testss_42test_get_random_element_empty_returns_none
FN:103,_RNvNtNtNtCs35aDzIjzncu_6hermes9utilities6prompt5testss_43test_get_random_element_with_single_element
FN:138,_RNvNtNtNtCs35aDzIjzncu_6hermes9utilities6prompt5testss_44test_get_permission_prompt_from_expected_set
FN:1,_RINvNtNtCs35aDzIjzncu_6hermes9utilities6prompt18get_random_elementReEB6_
FN:149,_RNCNvNtNtNtCs35aDzIjzncu_6hermes9utilities6prompt5testss_44test_get_permission_prompt_from_expected_set0B9_
FN:26,_RNvNtNtCs35aDzIjzncu_6hermes9utilities6prompt21get_permission_prompt
FNDA:1,_RNvNtNtNtCs35aDzIjzncu_6hermes9utilities6prompt5testss_34test_get_permission_prompt_variety
FNDA:1,_RNvNtNtNtCs35aDzIjzncu_6hermes9utilities6prompt5testss_41test_get_permission_prompt_returns_string
FNDA:1,_RNvNtNtNtCs35aDzIjzncu_6hermes9utilities6prompt5testss_41test_get_random_element_selects_from_list
FNDA:1,_RNvNtNtNtCs35aDzIjzncu_6hermes9utilities6prompt5testss_41test_get_random_element_with_two_elements
FNDA:1,_RNvNtNtNtCs35aDzIjzncu_6hermes9utilities6prompt5testss_42test_get_random_element_empty_returns_none
FNDA:1,_RNvNtNtNtCs35aDzIjzncu_6hermes9utilities6prompt5testss_43test_get_random_element_with_single_element
FNDA:1,_RNvNtNtNtCs35aDzIjzncu_6hermes9utilities6prompt5testss_44test_get_permission_prompt_from_expected_set
FNDA:16,_RINvNtNtCs35aDzIjzncu_6hermes9utilities6prompt18get_random_elementReEB6_
FNDA:1,_RNCNvNtNtNtCs35aDzIjzncu_6hermes9utilities6prompt5testss_44test_get_permission_prompt_from_expected_set0B9_
FNDA:12,_RNvNtNtCs35aDzIjzncu_6hermes9utilities6prompt21get_permission_prompt
FNF:10
FNH:10
DA:1,16
DA:5,16
DA:6,1
DA:7,15
DA:10,15
DA:11,15
DA:12,15
DA:13,15
DA:17,15
DA:18,15
DA:21,15
DA:23,15
DA:24,16
DA:26,12
DA:27,12
DA:29,12
DA:30,12
DA:31,12
DA:32,12
DA:33,12
DA:34,12
DA:35,12
DA:36,12
DA:37,12
DA:38,12
DA:39,12
DA:40,12
DA:41,12
DA:42,12
DA:43,12
DA:44,12
DA:45,12
DA:46,12
DA:47,12
DA:48,12
DA:49,12
DA:50,12
DA:51,12
DA:52,12
DA:53,12
DA:54,12
DA:55,12
DA:56,12
DA:57,12
DA:58,12
DA:59,12
DA:60,12
DA:61,12
DA:62,12
DA:63,12
DA:64,12
DA:65,12
DA:66,12
DA:67,12
DA:68,12
DA:69,12
DA:70,12
DA:71,12
DA:72,12
DA:73,12
DA:74,12
DA:75,12
DA:76,12
DA:77,12
DA:78,12
DA:79,12
DA:81,12
DA:82,12
DA:83,12
DA:84,12
DA:91,1
DA:92,1
DA:93,1
DA:96,1
DA:97,1
DA:100,1
DA:103,1
DA:104,1
DA:105,1
DA:107,1
DA:108,1
DA:111,1
DA:112,1
DA:113,1
DA:115,1
DA:116,1
DA:119,1
DA:122,1
DA:123,1
DA:124,1
DA:126,1
DA:127,1
DA:130,1
DA:131,1
DA:134,1
DA:135,1
DA:138,1
DA:139,1
DA:142,1
DA:143,1
DA:148,1
DA:149,1
DA:155,1
DA:156,1
DA:157,1
DA:158,1
DA:159,1
DA:160,1
DA:161,1
DA:163,1
DA:164,1
DA:167,1
DA:169,1
DA:170,10
DA:171,10
DA:172,10
DA:175,10
DA:176,10
DA:180,1
DA:181,1
DA:182,1
DA:184,0
DA:186,1
BRF:0
BRH:0
LF:124
LH:123
end_of_record
SF:/var/www/hermes/src/utilities/ui.rs
FN:9,_RINvNtNtCs35aDzIjzncu_6hermes9utilities2ui18show_permission_uiNCNvMs_NtNtNtB6_4nvim8requests7requestNtB15_7Request23ask_user_for_permission0EB6_
FN:18,_RNCINvNtNtCs35aDzIjzncu_6hermes9utilities2ui18show_permission_uiNCNvMs_NtNtNtB8_4nvim8requests7requestNtB17_7Request23ask_user_for_permission0E0B8_
FN:35,_RNCINvNtNtCs35aDzIjzncu_6hermes9utilities2ui18show_permission_uiNCNvMs_NtNtNtB8_4nvim8requests7requestNtB17_7Request23ask_user_for_permission0Es0_0B8_
FN:38,_RNCINvNtNtCs35aDzIjzncu_6hermes9utilities2ui18show_permission_uiNCNvMs_NtNtNtB8_4nvim8requests7requestNtB17_7Request23ask_user_for_permission0Es1_0B8_
FN:42,_RNCINvNtNtCs35aDzIjzncu_6hermes9utilities2ui18show_permission_uiNCNvMs_NtNtNtB8_4nvim8requests7requestNtB17_7Request23ask_user_for_permission0Es2_0B8_
FN:63,_RNCINvNtNtCs35aDzIjzncu_6hermes9utilities2ui18show_permission_uiNCNvMs_NtNtNtB8_4nvim8requests7requestNtB17_7Request23ask_user_for_permission0Es3_0B8_
FN:31,_RNCINvNtNtCs35aDzIjzncu_6hermes9utilities2ui18show_permission_uiNCNvMs_NtNtNtB8_4nvim8requests7requestNtB17_7Request23ask_user_for_permission0Es_0B8_
FNDA:0,_RINvNtNtCs35aDzIjzncu_6hermes9utilities2ui18show_permission_uiNCNvMs_NtNtNtB6_4nvim8requests7requestNtB15_7Request23ask_user_for_permission0EB6_
FNDA:0,_RNCINvNtNtCs35aDzIjzncu_6hermes9utilities2ui18show_permission_uiNCNvMs_NtNtNtB8_4nvim8requests7requestNtB17_7Request23ask_user_for_permission0E0B8_
FNDA:0,_RNCINvNtNtCs35aDzIjzncu_6hermes9utilities2ui18show_permission_uiNCNvMs_NtNtNtB8_4nvim8requests7requestNtB17_7Request23ask_user_for_permission0Es0_0B8_
FNDA:0,_RNCINvNtNtCs35aDzIjzncu_6hermes9utilities2ui18show_permission_uiNCNvMs_NtNtNtB8_4nvim8requests7requestNtB17_7Request23ask_user_for_permission0Es1_0B8_
FNDA:0,_RNCINvNtNtCs35aDzIjzncu_6hermes9utilities2ui18show_permission_uiNCNvMs_NtNtNtB8_4nvim8requests7requestNtB17_7Request23ask_user_for_permission0Es2_0B8_
FNDA:0,_RNCINvNtNtCs35aDzIjzncu_6hermes9utilities2ui18show_permission_uiNCNvMs_NtNtNtB8_4nvim8requests7requestNtB17_7Request23ask_user_for_permission0Es3_0B8_
FNDA:0,_RNCINvNtNtCs35aDzIjzncu_6hermes9utilities2ui18show_permission_uiNCNvMs_NtNtNtB8_4nvim8requests7requestNtB17_7Request23ask_user_for_permission0Es_0B8_
FNF:7
FNH:0
DA:9,0
DA:10,0
DA:11,0
DA:13,0
DA:16,0
DA:17,0
DA:18,0
DA:19,0
DA:20,0
DA:21,0
DA:22,0
DA:23,0
DA:25,0
DA:28,0
DA:29,0
DA:30,0
DA:31,0
DA:33,0
DA:34,0
DA:35,0
DA:37,0
DA:38,0
DA:39,0
DA:40,0
DA:41,0
DA:42,0
DA:45,0
DA:62,0
DA:63,0
DA:65,0
DA:66,0
BRF:0
BRH:0
LF:37
LH:0
end_of_record